<?xml version="1.0" encoding="UTF-8" standalone="no"?>
<!DOCTYPE log SYSTEM "logger.dtd">
<log>
<record>
  <date>2018-12-20T09:20:01</date>
  <millis>1545268801920</millis>
  <sequence>0</sequence>
  <level>START</level>
  <class>com.kms.katalon.core.logging.XmlKeywordLogger</class>
  <method>startSuite</method>
  <thread>1</thread>
  <message>Start Test Suite : Test Suites/Backoffice/create_match/create_match_loop_with_open_match/match_ATSC</message>
  <nestedLevel>0</nestedLevel>
  <property name="name">match_ATSC</property>
  <property name="description"></property>
  <property name="id">Test Suites/Backoffice/create_match/create_match_loop_with_open_match/match_ATSC</property>
</record>
<record>
  <date>2018-12-20T09:20:01</date>
  <millis>1545268801954</millis>
  <sequence>1</sequence>
  <level>RUN_DATA</level>
  <class>com.kms.katalon.core.logging.XmlKeywordLogger</class>
  <method>logMessage</method>
  <thread>1</thread>
  <message>hostName = Administrator - WIN-A9QUABO2G0M</message>
  <nestedLevel>0</nestedLevel>
  <property name="hostName">Administrator - WIN-A9QUABO2G0M</property>
</record>
<record>
  <date>2018-12-20T09:20:01</date>
  <millis>1545268801955</millis>
  <sequence>2</sequence>
  <level>RUN_DATA</level>
  <class>com.kms.katalon.core.logging.XmlKeywordLogger</class>
  <method>logMessage</method>
  <thread>1</thread>
  <message>os = Windows Server 2016 64bit</message>
  <nestedLevel>0</nestedLevel>
  <property name="os">Windows Server 2016 64bit</property>
</record>
<record>
  <date>2018-12-20T09:20:01</date>
  <millis>1545268801956</millis>
  <sequence>3</sequence>
  <level>RUN_DATA</level>
  <class>com.kms.katalon.core.logging.XmlKeywordLogger</class>
  <method>logMessage</method>
  <thread>1</thread>
  <message>hostAddress = 192.168.111.1</message>
  <nestedLevel>0</nestedLevel>
  <property name="hostAddress">192.168.111.1</property>
</record>
<record>
  <date>2018-12-20T09:20:01</date>
  <millis>1545268801958</millis>
  <sequence>4</sequence>
  <level>RUN_DATA</level>
  <class>com.kms.katalon.core.logging.XmlKeywordLogger</class>
  <method>logMessage</method>
  <thread>1</thread>
  <message>katalonVersion = 5.9.1.2</message>
  <nestedLevel>0</nestedLevel>
  <property name="katalonVersion">5.9.1.2</property>
</record>
<record>
  <date>2018-12-20T09:20:02</date>
  <millis>1545268802302</millis>
  <sequence>5</sequence>
  <level>START</level>
  <class>com.kms.katalon.core.logging.XmlKeywordLogger</class>
  <method>startTest</method>
  <thread>1</thread>
  <message>Start Test Case : Test Cases/DEV/Backoffice/create_match/create_match_loop_with_open_match</message>
  <nestedLevel>1</nestedLevel>
  <property name="name">Test Cases/DEV/Backoffice/create_match/create_match_loop_with_open_match</property>
  <property name="description"></property>
  <property name="id">Test Cases/DEV/Backoffice/create_match/create_match_loop_with_open_match</property>
  <property name="source">C:\\Users\\Administrator\\git\\JANINE_QA\\Test Cases\\DEV\\Backoffice\\create_match\\create_match_loop_with_open_match.tc</property>
  <property name="isOptional">false</property>
</record>
<record>
  <date>2018-12-20T09:20:02</date>
  <millis>1545268802352</millis>
  <sequence>7</sequence>
  <level>INFO</level>
  <class>com.kms.katalon.core.logging.XmlKeywordLogger</class>
  <method>logMessage</method>
  <thread>1</thread>
  <message>Meron_Name = AA</message>
  <nestedLevel>1</nestedLevel>
</record>
<record>
  <date>2018-12-20T09:20:02</date>
  <millis>1545268802354</millis>
  <sequence>8</sequence>
  <level>INFO</level>
  <class>com.kms.katalon.core.logging.XmlKeywordLogger</class>
  <method>logMessage</method>
  <thread>1</thread>
  <message>Meron_Farm = Farm 1</message>
  <nestedLevel>1</nestedLevel>
</record>
<record>
  <date>2018-12-20T09:20:02</date>
  <millis>1545268802355</millis>
  <sequence>9</sequence>
  <level>INFO</level>
  <class>com.kms.katalon.core.logging.XmlKeywordLogger</class>
  <method>logMessage</method>
  <thread>1</thread>
  <message>Meron_Breed = Breed 1</message>
  <nestedLevel>1</nestedLevel>
</record>
<record>
  <date>2018-12-20T09:20:02</date>
  <millis>1545268802355</millis>
  <sequence>10</sequence>
  <level>INFO</level>
  <class>com.kms.katalon.core.logging.XmlKeywordLogger</class>
  <method>logMessage</method>
  <thread>1</thread>
  <message>Meron_Weight = Weight 1</message>
  <nestedLevel>1</nestedLevel>
</record>
<record>
  <date>2018-12-20T09:20:02</date>
  <millis>1545268802356</millis>
  <sequence>11</sequence>
  <level>INFO</level>
  <class>com.kms.katalon.core.logging.XmlKeywordLogger</class>
  <method>logMessage</method>
  <thread>1</thread>
  <message>Wala_Name = BB</message>
  <nestedLevel>1</nestedLevel>
</record>
<record>
  <date>2018-12-20T09:20:02</date>
  <millis>1545268802357</millis>
  <sequence>12</sequence>
  <level>INFO</level>
  <class>com.kms.katalon.core.logging.XmlKeywordLogger</class>
  <method>logMessage</method>
  <thread>1</thread>
  <message>Wala_Farm = Farm 2</message>
  <nestedLevel>1</nestedLevel>
</record>
<record>
  <date>2018-12-20T09:20:02</date>
  <millis>1545268802358</millis>
  <sequence>13</sequence>
  <level>INFO</level>
  <class>com.kms.katalon.core.logging.XmlKeywordLogger</class>
  <method>logMessage</method>
  <thread>1</thread>
  <message>Wala_Breed = Breed 2</message>
  <nestedLevel>1</nestedLevel>
</record>
<record>
  <date>2018-12-20T09:20:02</date>
  <millis>1545268802359</millis>
  <sequence>14</sequence>
  <level>INFO</level>
  <class>com.kms.katalon.core.logging.XmlKeywordLogger</class>
  <method>logMessage</method>
  <thread>1</thread>
  <message>Wala_Weight = Weight 2</message>
  <nestedLevel>1</nestedLevel>
</record>
<record>
  <date>2018-12-20T09:20:02</date>
  <millis>1545268802360</millis>
  <sequence>15</sequence>
  <level>INFO</level>
  <class>com.kms.katalon.core.logging.XmlKeywordLogger</class>
  <method>logMessage</method>
  <thread>1</thread>
  <message>Arena_Acronym = AZNAR TALISAY SPORTS COMPLEX - ATSC</message>
  <nestedLevel>1</nestedLevel>
</record>
<record>
  <date>2018-12-20T09:20:03</date>
  <millis>1545268803208</millis>
  <sequence>16</sequence>
  <level>START</level>
  <class>com.kms.katalon.core.logging.XmlKeywordLogger</class>
  <method>startKeyword</method>
  <thread>1</thread>
  <message>Start action : mj.loginBackofficeDev.login()</message>
  <nestedLevel>1</nestedLevel>
  <property name="startLine">17</property>
  <property name="stepIndex">1</property>
</record>
<record>
  <date>2018-12-20T09:20:03</date>
  <millis>1545268803559</millis>
  <sequence>18</sequence>
  <level>INFO</level>
  <class>com.kms.katalon.core.logging.XmlKeywordLogger</class>
  <method>logMessage</method>
  <thread>1</thread>
  <message>Starting &amp;apos;Chrome&amp;apos; driver</message>
  <nestedLevel>1</nestedLevel>
</record>
<record>
  <date>2018-12-20T09:20:03</date>
  <millis>1545268803596</millis>
  <sequence>19</sequence>
  <level>INFO</level>
  <class>com.kms.katalon.core.logging.XmlKeywordLogger</class>
  <method>logMessage</method>
  <thread>1</thread>
  <message>Action delay is set to 0 seconds</message>
  <nestedLevel>1</nestedLevel>
</record>
<record>
  <date>2018-12-20T09:20:06</date>
  <millis>1545268806886</millis>
  <sequence>21</sequence>
  <level>RUN_DATA</level>
  <class>com.kms.katalon.core.logging.XmlKeywordLogger</class>
  <method>logMessage</method>
  <thread>1</thread>
  <message>sessionId = d2f32d5eb37d8621816dcd132367ca31</message>
  <nestedLevel>1</nestedLevel>
  <property name="sessionId">d2f32d5eb37d8621816dcd132367ca31</property>
</record>
<record>
  <date>2018-12-20T09:20:06</date>
  <millis>1545268806946</millis>
  <sequence>22</sequence>
  <level>RUN_DATA</level>
  <class>com.kms.katalon.core.logging.XmlKeywordLogger</class>
  <method>logMessage</method>
  <thread>1</thread>
  <message>browser = Chrome 71.0.3578.98</message>
  <nestedLevel>1</nestedLevel>
  <property name="browser">Chrome 71.0.3578.98</property>
</record>
<record>
  <date>2018-12-20T09:20:06</date>
  <millis>1545268806947</millis>
  <sequence>23</sequence>
  <level>RUN_DATA</level>
  <class>com.kms.katalon.core.logging.XmlKeywordLogger</class>
  <method>logMessage</method>
  <thread>1</thread>
  <message>platform = Windows Server 2016</message>
  <nestedLevel>1</nestedLevel>
  <property name="platform">Windows Server 2016</property>
</record>
<record>
  <date>2018-12-20T09:20:06</date>
  <millis>1545268806953</millis>
  <sequence>24</sequence>
  <level>RUN_DATA</level>
  <class>com.kms.katalon.core.logging.XmlKeywordLogger</class>
  <method>logMessage</method>
  <thread>1</thread>
  <message>seleniumVersion = 3.7.1</message>
  <nestedLevel>1</nestedLevel>
  <property name="seleniumVersion">3.7.1</property>
</record>
<record>
  <date>2018-12-20T09:20:06</date>
  <millis>1545268806956</millis>
  <sequence>25</sequence>
  <level>RUN_DATA</level>
  <class>com.kms.katalon.core.logging.XmlKeywordLogger</class>
  <method>logMessage</method>
  <thread>1</thread>
  <message>proxyInformation = ProxyInformation{proxyOption=NO_PROXY, proxyServerType=HTTP, password=, proxyServerAddress=, proxyServerPort=0}</message>
  <nestedLevel>1</nestedLevel>
  <property name="proxyInformation">ProxyInformation{proxyOption=NO_PROXY, proxyServerType=HTTP, password=, proxyServerAddress=, proxyServerPort=0}</property>
</record>
<record>
  <date>2018-12-20T09:20:06</date>
  <millis>1545268806957</millis>
  <sequence>26</sequence>
  <level>PASSED</level>
  <class>com.kms.katalon.core.logging.XmlKeywordLogger</class>
  <method>logMessage</method>
  <thread>1</thread>
  <message>Browser is opened with url: &amp;apos;&amp;apos;</message>
  <nestedLevel>1</nestedLevel>
</record>
<record>
  <date>2018-12-20T09:20:08</date>
  <millis>1545268808124</millis>
  <sequence>28</sequence>
  <level>PASSED</level>
  <class>com.kms.katalon.core.logging.XmlKeywordLogger</class>
  <method>logMessage</method>
  <thread>1</thread>
  <message>Current window maximized</message>
  <nestedLevel>1</nestedLevel>
</record>
<record>
  <date>2018-12-20T09:20:09</date>
  <millis>1545268809092</millis>
  <sequence>31</sequence>
  <level>PASSED</level>
  <class>com.kms.katalon.core.logging.XmlKeywordLogger</class>
  <method>logMessage</method>
  <thread>1</thread>
  <message>Navigate to &amp;apos;http://dev-admin.ucf88.com/login&amp;apos; successfully</message>
  <nestedLevel>1</nestedLevel>
</record>
<record>
  <date>2018-12-20T09:20:09</date>
  <millis>1545268809494</millis>
  <sequence>43</sequence>
  <level>PASSED</level>
  <class>com.kms.katalon.core.logging.XmlKeywordLogger</class>
  <method>logMessage</method>
  <thread>1</thread>
  <message>Text &amp;apos;janine&amp;apos; is set on object &amp;apos;Object Repository/Backoffice/login_page/input_username&amp;apos;</message>
  <nestedLevel>1</nestedLevel>
</record>
<record>
  <date>2018-12-20T09:20:09</date>
  <millis>1545268809919</millis>
  <sequence>52</sequence>
  <level>PASSED</level>
  <class>com.kms.katalon.core.logging.XmlKeywordLogger</class>
  <method>logMessage</method>
  <thread>1</thread>
  <message>Text ****** has been set on object &amp;apos;Object Repository/Backoffice/login_page/input_password&amp;apos;</message>
  <nestedLevel>1</nestedLevel>
</record>
<record>
  <date>2018-12-20T09:20:12</date>
  <millis>1545268812068</millis>
  <sequence>59</sequence>
  <level>PASSED</level>
  <class>com.kms.katalon.core.logging.XmlKeywordLogger</class>
  <method>logMessage</method>
  <thread>1</thread>
  <message>Object: &amp;apos;Object Repository/Backoffice/login_page/button_login&amp;apos; is clicked on</message>
  <nestedLevel>1</nestedLevel>
</record>
<record>
  <date>2018-12-20T09:20:12</date>
  <millis>1545268812069</millis>
  <sequence>60</sequence>
  <level>PASSED</level>
  <class>com.kms.katalon.core.logging.XmlKeywordLogger</class>
  <method>logMessage</method>
  <thread>1</thread>
  <message>mj.loginBackofficeDev.login is PASSED</message>
  <nestedLevel>1</nestedLevel>
</record>
<record>
  <date>2018-12-20T09:20:12</date>
  <millis>1545268812071</millis>
  <sequence>61</sequence>
  <level>END</level>
  <class>com.kms.katalon.core.logging.XmlKeywordLogger</class>
  <method>endKeyword</method>
  <thread>1</thread>
  <message>End action : mj.loginBackofficeDev.login()</message>
  <nestedLevel>1</nestedLevel>
</record>
<record>
  <date>2018-12-20T09:20:12</date>
  <millis>1545268812072</millis>
  <sequence>62</sequence>
  <level>START</level>
  <class>com.kms.katalon.core.logging.XmlKeywordLogger</class>
  <method>startKeyword</method>
  <thread>1</thread>
  <message>Start action : mouseOver(findTestObject(\&amp;quot;Backoffice/headers/span_betting\&amp;quot;))</message>
  <nestedLevel>1</nestedLevel>
  <property name="startLine">19</property>
  <property name="stepIndex">2</property>
</record>
<record>
  <date>2018-12-20T09:20:12</date>
  <millis>1545268812395</millis>
  <sequence>69</sequence>
  <level>PASSED</level>
  <class>com.kms.katalon.core.logging.XmlKeywordLogger</class>
  <method>logMessage</method>
  <thread>1</thread>
  <message>Object: &amp;apos;Object Repository/Backoffice/headers/span_betting&amp;apos; is hovered</message>
  <nestedLevel>1</nestedLevel>
</record>
<record>
  <date>2018-12-20T09:20:12</date>
  <millis>1545268812398</millis>
  <sequence>70</sequence>
  <level>END</level>
  <class>com.kms.katalon.core.logging.XmlKeywordLogger</class>
  <method>endKeyword</method>
  <thread>1</thread>
  <message>End action : mouseOver(findTestObject(\&amp;quot;Backoffice/headers/span_betting\&amp;quot;))</message>
  <nestedLevel>1</nestedLevel>
</record>
<record>
  <date>2018-12-20T09:20:12</date>
  <millis>1545268812398</millis>
  <sequence>71</sequence>
  <level>START</level>
  <class>com.kms.katalon.core.logging.XmlKeywordLogger</class>
  <method>startKeyword</method>
  <thread>1</thread>
  <message>Start action : delay(1)</message>
  <nestedLevel>1</nestedLevel>
  <property name="startLine">21</property>
  <property name="stepIndex">3</property>
</record>
<record>
  <date>2018-12-20T09:20:13</date>
  <millis>1545268813451</millis>
  <sequence>73</sequence>
  <level>PASSED</level>
  <class>com.kms.katalon.core.logging.XmlKeywordLogger</class>
  <method>logMessage</method>
  <thread>1</thread>
  <message>Delayed 1 second(s)</message>
  <nestedLevel>1</nestedLevel>
</record>
<record>
  <date>2018-12-20T09:20:13</date>
  <millis>1545268813453</millis>
  <sequence>74</sequence>
  <level>END</level>
  <class>com.kms.katalon.core.logging.XmlKeywordLogger</class>
  <method>endKeyword</method>
  <thread>1</thread>
  <message>End action : delay(1)</message>
  <nestedLevel>1</nestedLevel>
</record>
<record>
  <date>2018-12-20T09:20:13</date>
  <millis>1545268813453</millis>
  <sequence>75</sequence>
  <level>START</level>
  <class>com.kms.katalon.core.logging.XmlKeywordLogger</class>
  <method>startKeyword</method>
  <thread>1</thread>
  <message>Start action : waitForElementVisible(findTestObject(\&amp;quot;Backoffice/headers/span_match\&amp;quot;), 2)</message>
  <nestedLevel>1</nestedLevel>
  <property name="startLine">23</property>
  <property name="stepIndex">4</property>
</record>
<record>
  <date>2018-12-20T09:20:13</date>
  <millis>1545268813588</millis>
  <sequence>82</sequence>
  <level>PASSED</level>
  <class>com.kms.katalon.core.logging.XmlKeywordLogger</class>
  <method>logMessage</method>
  <thread>1</thread>
  <message>Object &amp;apos;Object Repository/Backoffice/headers/span_match&amp;apos; is visible</message>
  <nestedLevel>1</nestedLevel>
</record>
<record>
  <date>2018-12-20T09:20:13</date>
  <millis>1545268813589</millis>
  <sequence>83</sequence>
  <level>END</level>
  <class>com.kms.katalon.core.logging.XmlKeywordLogger</class>
  <method>endKeyword</method>
  <thread>1</thread>
  <message>End action : waitForElementVisible(findTestObject(\&amp;quot;Backoffice/headers/span_match\&amp;quot;), 2)</message>
  <nestedLevel>1</nestedLevel>
</record>
<record>
  <date>2018-12-20T09:20:13</date>
  <millis>1545268813590</millis>
  <sequence>84</sequence>
  <level>START</level>
  <class>com.kms.katalon.core.logging.XmlKeywordLogger</class>
  <method>startKeyword</method>
  <thread>1</thread>
  <message>Start action : click(findTestObject(\&amp;quot;Backoffice/headers/span_match\&amp;quot;))</message>
  <nestedLevel>1</nestedLevel>
  <property name="startLine">25</property>
  <property name="stepIndex">5</property>
</record>
<record>
  <date>2018-12-20T09:20:23</date>
  <millis>1545268823262</millis>
  <sequence>91</sequence>
  <level>PASSED</level>
  <class>com.kms.katalon.core.logging.XmlKeywordLogger</class>
  <method>logMessage</method>
  <thread>1</thread>
  <message>Object: &amp;apos;Object Repository/Backoffice/headers/span_match&amp;apos; is clicked on</message>
  <nestedLevel>1</nestedLevel>
</record>
<record>
  <date>2018-12-20T09:20:23</date>
  <millis>1545268823264</millis>
  <sequence>92</sequence>
  <level>END</level>
  <class>com.kms.katalon.core.logging.XmlKeywordLogger</class>
  <method>endKeyword</method>
  <thread>1</thread>
  <message>End action : click(findTestObject(\&amp;quot;Backoffice/headers/span_match\&amp;quot;))</message>
  <nestedLevel>1</nestedLevel>
</record>
<record>
  <date>2018-12-20T09:20:23</date>
  <millis>1545268823265</millis>
  <sequence>93</sequence>
  <level>START</level>
  <class>com.kms.katalon.core.logging.XmlKeywordLogger</class>
  <method>startKeyword</method>
  <thread>1</thread>
  <message>Start action : delay(1)</message>
  <nestedLevel>1</nestedLevel>
  <property name="startLine">27</property>
  <property name="stepIndex">6</property>
</record>
<record>
  <date>2018-12-20T09:20:24</date>
  <millis>1545268824267</millis>
  <sequence>95</sequence>
  <level>PASSED</level>
  <class>com.kms.katalon.core.logging.XmlKeywordLogger</class>
  <method>logMessage</method>
  <thread>1</thread>
  <message>Delayed 1 second(s)</message>
  <nestedLevel>1</nestedLevel>
</record>
<record>
  <date>2018-12-20T09:20:24</date>
  <millis>1545268824270</millis>
  <sequence>96</sequence>
  <level>END</level>
  <class>com.kms.katalon.core.logging.XmlKeywordLogger</class>
  <method>endKeyword</method>
  <thread>1</thread>
  <message>End action : delay(1)</message>
  <nestedLevel>1</nestedLevel>
</record>
<record>
  <date>2018-12-20T09:20:24</date>
  <millis>1545268824271</millis>
  <sequence>97</sequence>
  <level>START</level>
  <class>com.kms.katalon.core.logging.XmlKeywordLogger</class>
  <method>startKeyword</method>
  <thread>1</thread>
  <message>Start action : verifyElementPresent(findTestObject(\&amp;quot;Backoffice/match_mgmt/button_create_match\&amp;quot;), 2)</message>
  <nestedLevel>1</nestedLevel>
  <property name="startLine">29</property>
  <property name="stepIndex">7</property>
</record>
<record>
  <date>2018-12-20T09:20:24</date>
  <millis>1545268824382</millis>
  <sequence>103</sequence>
  <level>PASSED</level>
  <class>com.kms.katalon.core.logging.XmlKeywordLogger</class>
  <method>logMessage</method>
  <thread>1</thread>
  <message>Object &amp;apos;Object Repository/Backoffice/match_mgmt/button_create_match&amp;apos; is present</message>
  <nestedLevel>1</nestedLevel>
</record>
<record>
  <date>2018-12-20T09:20:24</date>
  <millis>1545268824384</millis>
  <sequence>104</sequence>
  <level>END</level>
  <class>com.kms.katalon.core.logging.XmlKeywordLogger</class>
  <method>endKeyword</method>
  <thread>1</thread>
  <message>End action : verifyElementPresent(findTestObject(\&amp;quot;Backoffice/match_mgmt/button_create_match\&amp;quot;), 2)</message>
  <nestedLevel>1</nestedLevel>
</record>
<record>
  <date>2018-12-20T09:20:24</date>
  <millis>1545268824385</millis>
  <sequence>105</sequence>
  <level>START</level>
  <class>com.kms.katalon.core.logging.XmlKeywordLogger</class>
  <method>startKeyword</method>
  <thread>1</thread>
  <message>Start action : click(findTestObject(\&amp;quot;Backoffice/match_mgmt/button_create_match\&amp;quot;))</message>
  <nestedLevel>1</nestedLevel>
  <property name="startLine">31</property>
  <property name="stepIndex">8</property>
</record>
<record>
  <date>2018-12-20T09:20:24</date>
  <millis>1545268824677</millis>
  <sequence>112</sequence>
  <level>PASSED</level>
  <class>com.kms.katalon.core.logging.XmlKeywordLogger</class>
  <method>logMessage</method>
  <thread>1</thread>
  <message>Object: &amp;apos;Object Repository/Backoffice/match_mgmt/button_create_match&amp;apos; is clicked on</message>
  <nestedLevel>1</nestedLevel>
</record>
<record>
  <date>2018-12-20T09:20:24</date>
  <millis>1545268824679</millis>
  <sequence>113</sequence>
  <level>END</level>
  <class>com.kms.katalon.core.logging.XmlKeywordLogger</class>
  <method>endKeyword</method>
  <thread>1</thread>
  <message>End action : click(findTestObject(\&amp;quot;Backoffice/match_mgmt/button_create_match\&amp;quot;))</message>
  <nestedLevel>1</nestedLevel>
</record>
<record>
  <date>2018-12-20T09:20:24</date>
  <millis>1545268824680</millis>
  <sequence>114</sequence>
  <level>START</level>
  <class>com.kms.katalon.core.logging.XmlKeywordLogger</class>
  <method>startKeyword</method>
  <thread>1</thread>
  <message>Start action : delay(1)</message>
  <nestedLevel>1</nestedLevel>
  <property name="startLine">33</property>
  <property name="stepIndex">9</property>
</record>
<record>
  <date>2018-12-20T09:20:25</date>
  <millis>1545268825681</millis>
  <sequence>116</sequence>
  <level>PASSED</level>
  <class>com.kms.katalon.core.logging.XmlKeywordLogger</class>
  <method>logMessage</method>
  <thread>1</thread>
  <message>Delayed 1 second(s)</message>
  <nestedLevel>1</nestedLevel>
</record>
<record>
  <date>2018-12-20T09:20:25</date>
  <millis>1545268825683</millis>
  <sequence>117</sequence>
  <level>END</level>
  <class>com.kms.katalon.core.logging.XmlKeywordLogger</class>
  <method>endKeyword</method>
  <thread>1</thread>
  <message>End action : delay(1)</message>
  <nestedLevel>1</nestedLevel>
</record>
<record>
  <date>2018-12-20T09:20:25</date>
  <millis>1545268825684</millis>
  <sequence>118</sequence>
  <level>START</level>
  <class>com.kms.katalon.core.logging.XmlKeywordLogger</class>
  <method>startKeyword</method>
  <thread>1</thread>
  <message>Start action : click(findTestObject(\&amp;quot;Backoffice/match_mgmt/span_select_arena_name\&amp;quot;))</message>
  <nestedLevel>1</nestedLevel>
  <property name="startLine">35</property>
  <property name="stepIndex">10</property>
</record>
<record>
  <date>2018-12-20T09:20:26</date>
  <millis>1545268826011</millis>
  <sequence>125</sequence>
  <level>PASSED</level>
  <class>com.kms.katalon.core.logging.XmlKeywordLogger</class>
  <method>logMessage</method>
  <thread>1</thread>
  <message>Object: &amp;apos;Object Repository/Backoffice/match_mgmt/span_select_arena_name&amp;apos; is clicked on</message>
  <nestedLevel>1</nestedLevel>
</record>
<record>
  <date>2018-12-20T09:20:26</date>
  <millis>1545268826012</millis>
  <sequence>126</sequence>
  <level>END</level>
  <class>com.kms.katalon.core.logging.XmlKeywordLogger</class>
  <method>endKeyword</method>
  <thread>1</thread>
  <message>End action : click(findTestObject(\&amp;quot;Backoffice/match_mgmt/span_select_arena_name\&amp;quot;))</message>
  <nestedLevel>1</nestedLevel>
</record>
<record>
  <date>2018-12-20T09:20:26</date>
  <millis>1545268826012</millis>
  <sequence>127</sequence>
  <level>START</level>
  <class>com.kms.katalon.core.logging.XmlKeywordLogger</class>
  <method>startKeyword</method>
  <thread>1</thread>
  <message>Start action : setText(findTestObject(\&amp;quot;Backoffice/match_mgmt/input__select2-search__arena_name\&amp;quot;), Arena_Acronym)</message>
  <nestedLevel>1</nestedLevel>
  <property name="startLine">37</property>
  <property name="stepIndex">11</property>
</record>
<record>
  <date>2018-12-20T09:20:29</date>
  <millis>1545268829169</millis>
  <sequence>139</sequence>
  <level>PASSED</level>
  <class>com.kms.katalon.core.logging.XmlKeywordLogger</class>
  <method>logMessage</method>
  <thread>1</thread>
  <message>Text &amp;apos;AZNAR TALISAY SPORTS COMPLEX - ATSC&amp;apos; is set on object &amp;apos;Object Repository/Backoffice/match_mgmt/input__select2-search__arena_name&amp;apos;</message>
  <nestedLevel>1</nestedLevel>
</record>
<record>
  <date>2018-12-20T09:20:29</date>
  <millis>1545268829170</millis>
  <sequence>140</sequence>
  <level>END</level>
  <class>com.kms.katalon.core.logging.XmlKeywordLogger</class>
  <method>endKeyword</method>
  <thread>1</thread>
  <message>End action : setText(findTestObject(\&amp;quot;Backoffice/match_mgmt/input__select2-search__arena_name\&amp;quot;), Arena_Acronym)</message>
  <nestedLevel>1</nestedLevel>
</record>
<record>
  <date>2018-12-20T09:20:29</date>
  <millis>1545268829170</millis>
  <sequence>141</sequence>
  <level>START</level>
  <class>com.kms.katalon.core.logging.XmlKeywordLogger</class>
  <method>startKeyword</method>
  <thread>1</thread>
  <message>Start action : sendKeys(findTestObject(\&amp;quot;Backoffice/match_mgmt/input__select2-search__arena_name\&amp;quot;), Keys.chord(ENTER))</message>
  <nestedLevel>1</nestedLevel>
  <property name="startLine">39</property>
  <property name="stepIndex">12</property>
</record>
<record>
  <date>2018-12-20T09:20:29</date>
  <millis>1545268829373</millis>
  <sequence>147</sequence>
  <level>PASSED</level>
  <class>com.kms.katalon.core.logging.XmlKeywordLogger</class>
  <method>logMessage</method>
  <thread>1</thread>
  <message>Keys &amp;apos;ENTER + &amp;apos; sent to object: &amp;apos;Object Repository/Backoffice/match_mgmt/input__select2-search__arena_name&amp;apos;</message>
  <nestedLevel>1</nestedLevel>
</record>
<record>
  <date>2018-12-20T09:20:29</date>
  <millis>1545268829374</millis>
  <sequence>148</sequence>
  <level>END</level>
  <class>com.kms.katalon.core.logging.XmlKeywordLogger</class>
  <method>endKeyword</method>
  <thread>1</thread>
  <message>End action : sendKeys(findTestObject(\&amp;quot;Backoffice/match_mgmt/input__select2-search__arena_name\&amp;quot;), Keys.chord(ENTER))</message>
  <nestedLevel>1</nestedLevel>
</record>
<record>
  <date>2018-12-20T09:20:29</date>
  <millis>1545268829375</millis>
  <sequence>149</sequence>
  <level>START</level>
  <class>com.kms.katalon.core.logging.XmlKeywordLogger</class>
  <method>startKeyword</method>
  <thread>1</thread>
  <message>Start action : setText(findTestObject(\&amp;quot;Backoffice/match_mgmt/meron_details/input_meron_name\&amp;quot;), Meron_Name)</message>
  <nestedLevel>1</nestedLevel>
  <property name="startLine">41</property>
  <property name="stepIndex">13</property>
</record>
<record>
  <date>2018-12-20T09:20:29</date>
  <millis>1545268829742</millis>
  <sequence>161</sequence>
  <level>PASSED</level>
  <class>com.kms.katalon.core.logging.XmlKeywordLogger</class>
  <method>logMessage</method>
  <thread>1</thread>
  <message>Text &amp;apos;AA&amp;apos; is set on object &amp;apos;Object Repository/Backoffice/match_mgmt/meron_details/input_meron_name&amp;apos;</message>
  <nestedLevel>1</nestedLevel>
</record>
<record>
  <date>2018-12-20T09:20:29</date>
  <millis>1545268829744</millis>
  <sequence>162</sequence>
  <level>END</level>
  <class>com.kms.katalon.core.logging.XmlKeywordLogger</class>
  <method>endKeyword</method>
  <thread>1</thread>
  <message>End action : setText(findTestObject(\&amp;quot;Backoffice/match_mgmt/meron_details/input_meron_name\&amp;quot;), Meron_Name)</message>
  <nestedLevel>1</nestedLevel>
</record>
<record>
  <date>2018-12-20T09:20:29</date>
  <millis>1545268829745</millis>
  <sequence>163</sequence>
  <level>START</level>
  <class>com.kms.katalon.core.logging.XmlKeywordLogger</class>
  <method>startKeyword</method>
  <thread>1</thread>
  <message>Start action : setText(findTestObject(\&amp;quot;Backoffice/match_mgmt/meron_details/input_meron_farm\&amp;quot;), Meron_Farm)</message>
  <nestedLevel>1</nestedLevel>
  <property name="startLine">43</property>
  <property name="stepIndex">14</property>
</record>
<record>
  <date>2018-12-20T09:20:40</date>
  <millis>1545268840606</millis>
  <sequence>169</sequence>
  <level>INFO</level>
  <class>com.kms.katalon.core.logging.XmlKeywordLogger</class>
  <method>logMessage</method>
  <thread>1</thread>
  <message>Unable to find the element located by &amp;apos;By.xpath: //input [@id=\&amp;quot;banker_farm\&amp;quot;]&amp;apos;. Please recheck the objects properties to make sure the desired element is located. </message>
  <nestedLevel>1</nestedLevel>
</record>
<record>
  <date>2018-12-20T09:20:40</date>
  <millis>1545268840622</millis>
  <sequence>170</sequence>
  <level>FAILED</level>
  <class>com.kms.katalon.core.logging.XmlKeywordLogger</class>
  <method>logMessage</method>
  <thread>1</thread>
  <message>Unable to set text &amp;apos;Farm 1&amp;apos; of object &amp;apos;Object Repository/Backoffice/match_mgmt/meron_details/input_meron_farm&amp;apos; (Root cause: com.kms.katalon.core.webui.exception.WebElementNotFoundException: Web element with id: &amp;apos;Object Repository/Backoffice/match_mgmt/meron_details/input_meron_farm&amp;apos; located by &amp;apos;By.xpath: //input [@id=\&amp;quot;banker_farm\&amp;quot;]&amp;apos; not found)</message>
  <nestedLevel>1</nestedLevel>
</record>
<record>
  <date>2018-12-20T09:20:40</date>
  <millis>1545268840635</millis>
  <sequence>172</sequence>
  <logger>com.kms.katalon.core.logging.XmlKeywordLogger</logger>
  <level>FAILED</level>
  <class>com.kms.katalon.core.logging.XmlKeywordLogger</class>
  <method>logMessage</method>
  <thread>1</thread>
  <message>setText(findTestObject(\&amp;quot;Backoffice/match_mgmt/meron_details/input_meron_farm\&amp;quot;), Meron_Farm) FAILED.\nReason:\ncom.kms.katalon.core.exception.StepFailedException: Unable to set text &amp;apos;Farm 1&amp;apos; of object &amp;apos;Object Repository/Backoffice/match_mgmt/meron_details/input_meron_farm&amp;apos; (Root cause: com.kms.katalon.core.webui.exception.WebElementNotFoundException: Web element with id: &amp;apos;Object Repository/Backoffice/match_mgmt/meron_details/input_meron_farm&amp;apos; located by &amp;apos;By.xpath: //input [@id=\&amp;quot;banker_farm\&amp;quot;]&amp;apos; not found)\r\n\tat com.kms.katalon.core.keyword.internal.KeywordMain.stepFailed(KeywordMain.groovy:36)\r\n\tat com.kms.katalon.core.webui.keyword.internal.WebUIKeywordMain.stepFailed(WebUIKeywordMain.groovy:65)\r\n\tat com.kms.katalon.core.webui.keyword.internal.WebUIKeywordMain.runKeyword(WebUIKeywordMain.groovy:27)\r\n\tat com.kms.katalon.core.webui.keyword.builtin.SetTextKeyword.setText(SetTextKeyword.groovy:65)\r\n\tat com.kms.katalon.core.webui.keyword.builtin.SetTextKeyword.execute(SetTextKeyword.groovy:37)\r\n\tat com.kms.katalon.core.keyword.internal.KeywordExecutor.executeKeywordForPlatform(KeywordExecutor.groovy:53)\r\n\tat com.kms.katalon.core.webui.keyword.WebUiBuiltInKeywords.setText(WebUiBuiltInKeywords.groovy:950)\r\n\tat com.kms.katalon.core.webui.keyword.WebUiBuiltInKeywords$setText$2.call(Unknown Source)\r\n\tat create_match_loop_with_open_match.run(create_match_loop_with_open_match:43)\r\n\tat com.kms.katalon.core.main.ScriptEngine.run(ScriptEngine.java:194)\r\n\tat com.kms.katalon.core.main.ScriptEngine.runScriptAsRawText(ScriptEngine.java:119)\r\n\tat com.kms.katalon.core.main.TestCaseExecutor.runScript(TestCaseExecutor.java:321)\r\n\tat com.kms.katalon.core.main.TestCaseExecutor.doExecute(TestCaseExecutor.java:312)\r\n\tat com.kms.katalon.core.main.TestCaseExecutor.processExecutionPhase(TestCaseExecutor.java:291)\r\n\tat com.kms.katalon.core.main.TestCaseExecutor.accessMainPhase(TestCaseExecutor.java:283)\r\n\tat com.kms.katalon.core.main.TestCaseExecutor.execute(TestCaseExecutor.java:222)\r\n\tat com.kms.katalon.core.main.TestSuiteExecutor.accessTestCaseMainPhase(TestSuiteExecutor.java:129)\r\n\tat com.kms.katalon.core.main.TestSuiteExecutor.accessTestSuiteMainPhase(TestSuiteExecutor.java:112)\r\n\tat com.kms.katalon.core.main.TestSuiteExecutor.execute(TestSuiteExecutor.java:81)\r\n\tat com.kms.katalon.core.main.TestCaseMain.startTestSuite(TestCaseMain.java:149)\r\n\tat com.kms.katalon.core.main.TestCaseMain$startTestSuite$0.call(Unknown Source)\r\n\tat TempTestSuite1545268730584.run(TempTestSuite1545268730584.groovy:36)\r\n</message>
  <exception>
    <message>com.kms.katalon.core.exception.StepFailedException: Unable to set text 'Farm 1' of object 'Object Repository/Backoffice/match_mgmt/meron_details/input_meron_farm' (Root cause: com.kms.katalon.core.webui.exception.WebElementNotFoundException: Web element with id: 'Object Repository/Backoffice/match_mgmt/meron_details/input_meron_farm' located by 'By.xpath: //input [@id="banker_farm"]' not found)</message>
    <frame>
      <class>com.kms.katalon.core.keyword.internal.KeywordMain</class>
      <method>stepFailed</method>
      <line>36</line>
    </frame>
    <frame>
      <class>com.kms.katalon.core.webui.keyword.internal.WebUIKeywordMain</class>
      <method>stepFailed</method>
      <line>65</line>
    </frame>
    <frame>
      <class>com.kms.katalon.core.webui.keyword.internal.WebUIKeywordMain</class>
      <method>runKeyword</method>
      <line>27</line>
    </frame>
    <frame>
      <class>com.kms.katalon.core.webui.keyword.builtin.SetTextKeyword</class>
      <method>setText</method>
      <line>65</line>
    </frame>
    <frame>
      <class>com.kms.katalon.core.webui.keyword.builtin.SetTextKeyword</class>
      <method>execute</method>
      <line>37</line>
    </frame>
    <frame>
      <class>com.kms.katalon.core.keyword.internal.KeywordExecutor</class>
      <method>executeKeywordForPlatform</method>
      <line>53</line>
    </frame>
    <frame>
      <class>com.kms.katalon.core.webui.keyword.WebUiBuiltInKeywords</class>
      <method>setText</method>
      <line>950</line>
    </frame>
    <frame>
      <class>com.kms.katalon.core.webui.keyword.WebUiBuiltInKeywords$setText$2</class>
      <method>call</method>
    </frame>
    <frame>
      <class>create_match_loop_with_open_match</class>
      <method>run</method>
      <line>43</line>
    </frame>
    <frame>
      <class>com.kms.katalon.core.main.ScriptEngine</class>
      <method>run</method>
      <line>194</line>
    </frame>
    <frame>
      <class>com.kms.katalon.core.main.ScriptEngine</class>
      <method>runScriptAsRawText</method>
      <line>119</line>
    </frame>
    <frame>
      <class>com.kms.katalon.core.main.TestCaseExecutor</class>
      <method>runScript</method>
      <line>321</line>
    </frame>
    <frame>
      <class>com.kms.katalon.core.main.TestCaseExecutor</class>
      <method>doExecute</method>
      <line>312</line>
    </frame>
    <frame>
      <class>com.kms.katalon.core.main.TestCaseExecutor</class>
      <method>processExecutionPhase</method>
      <line>291</line>
    </frame>
    <frame>
      <class>com.kms.katalon.core.main.TestCaseExecutor</class>
      <method>accessMainPhase</method>
      <line>283</line>
    </frame>
    <frame>
      <class>com.kms.katalon.core.main.TestCaseExecutor</class>
      <method>execute</method>
      <line>222</line>
    </frame>
    <frame>
      <class>com.kms.katalon.core.main.TestSuiteExecutor</class>
      <method>accessTestCaseMainPhase</method>
      <line>129</line>
    </frame>
    <frame>
      <class>com.kms.katalon.core.main.TestSuiteExecutor</class>
      <method>accessTestSuiteMainPhase</method>
      <line>112</line>
    </frame>
    <frame>
      <class>com.kms.katalon.core.main.TestSuiteExecutor</class>
      <method>execute</method>
      <line>81</line>
    </frame>
    <frame>
      <class>com.kms.katalon.core.main.TestCaseMain</class>
      <method>startTestSuite</method>
      <line>149</line>
    </frame>
    <frame>
      <class>com.kms.katalon.core.main.TestCaseMain$startTestSuite$0</class>
      <method>call</method>
    </frame>
    <frame>
      <class>TempTestSuite1545268730584</class>
      <method>run</method>
      <line>36</line>
    </frame>
  </exception>
  <nestedLevel>0</nestedLevel>
</record>
<record>
  <date>2018-12-20T09:20:40</date>
  <millis>1545268840641</millis>
  <sequence>173</sequence>
  <level>END</level>
  <class>com.kms.katalon.core.logging.XmlKeywordLogger</class>
  <method>endKeyword</method>
  <thread>1</thread>
  <message>End action : setText(findTestObject(\&amp;quot;Backoffice/match_mgmt/meron_details/input_meron_farm\&amp;quot;), Meron_Farm)</message>
  <nestedLevel>1</nestedLevel>
</record>
<record>
  <date>2018-12-20T09:20:40</date>
  <millis>1545268840642</millis>
  <sequence>175</sequence>
  <logger>com.kms.katalon.core.logging.XmlKeywordLogger</logger>
  <level>FAILED</level>
  <class>com.kms.katalon.core.logging.XmlKeywordLogger</class>
  <method>logMessage</method>
  <thread>1</thread>
  <message>Test Cases/DEV/Backoffice/create_match/create_match_loop_with_open_match FAILED.\nReason:\ncom.kms.katalon.core.exception.StepFailedException: Unable to set text &amp;apos;Farm 1&amp;apos; of object &amp;apos;Object Repository/Backoffice/match_mgmt/meron_details/input_meron_farm&amp;apos; (Root cause: com.kms.katalon.core.webui.exception.WebElementNotFoundException: Web element with id: &amp;apos;Object Repository/Backoffice/match_mgmt/meron_details/input_meron_farm&amp;apos; located by &amp;apos;By.xpath: //input [@id=\&amp;quot;banker_farm\&amp;quot;]&amp;apos; not found)\r\n\tat com.kms.katalon.core.keyword.internal.KeywordMain.stepFailed(KeywordMain.groovy:36)\r\n\tat com.kms.katalon.core.webui.keyword.internal.WebUIKeywordMain.stepFailed(WebUIKeywordMain.groovy:65)\r\n\tat com.kms.katalon.core.webui.keyword.internal.WebUIKeywordMain.runKeyword(WebUIKeywordMain.groovy:27)\r\n\tat com.kms.katalon.core.webui.keyword.builtin.SetTextKeyword.setText(SetTextKeyword.groovy:65)\r\n\tat com.kms.katalon.core.webui.keyword.builtin.SetTextKeyword.execute(SetTextKeyword.groovy:37)\r\n\tat com.kms.katalon.core.keyword.internal.KeywordExecutor.executeKeywordForPlatform(KeywordExecutor.groovy:53)\r\n\tat com.kms.katalon.core.webui.keyword.WebUiBuiltInKeywords.setText(WebUiBuiltInKeywords.groovy:950)\r\n\tat com.kms.katalon.core.webui.keyword.WebUiBuiltInKeywords$setText$2.call(Unknown Source)\r\n\tat create_match_loop_with_open_match.run(create_match_loop_with_open_match:43)\r\n\tat com.kms.katalon.core.main.ScriptEngine.run(ScriptEngine.java:194)\r\n\tat com.kms.katalon.core.main.ScriptEngine.runScriptAsRawText(ScriptEngine.java:119)\r\n\tat com.kms.katalon.core.main.TestCaseExecutor.runScript(TestCaseExecutor.java:321)\r\n\tat com.kms.katalon.core.main.TestCaseExecutor.doExecute(TestCaseExecutor.java:312)\r\n\tat com.kms.katalon.core.main.TestCaseExecutor.processExecutionPhase(TestCaseExecutor.java:291)\r\n\tat com.kms.katalon.core.main.TestCaseExecutor.accessMainPhase(TestCaseExecutor.java:283)\r\n\tat com.kms.katalon.core.main.TestCaseExecutor.execute(TestCaseExecutor.java:222)\r\n\tat com.kms.katalon.core.main.TestSuiteExecutor.accessTestCaseMainPhase(TestSuiteExecutor.java:129)\r\n\tat com.kms.katalon.core.main.TestSuiteExecutor.accessTestSuiteMainPhase(TestSuiteExecutor.java:112)\r\n\tat com.kms.katalon.core.main.TestSuiteExecutor.execute(TestSuiteExecutor.java:81)\r\n\tat com.kms.katalon.core.main.TestCaseMain.startTestSuite(TestCaseMain.java:149)\r\n\tat com.kms.katalon.core.main.TestCaseMain$startTestSuite$0.call(Unknown Source)\r\n\tat TempTestSuite1545268730584.run(TempTestSuite1545268730584.groovy:36)\r\n</message>
  <exception>
    <message>com.kms.katalon.core.exception.StepFailedException: Unable to set text 'Farm 1' of object 'Object Repository/Backoffice/match_mgmt/meron_details/input_meron_farm' (Root cause: com.kms.katalon.core.webui.exception.WebElementNotFoundException: Web element with id: 'Object Repository/Backoffice/match_mgmt/meron_details/input_meron_farm' located by 'By.xpath: //input [@id="banker_farm"]' not found)</message>
    <frame>
      <class>com.kms.katalon.core.keyword.internal.KeywordMain</class>
      <method>stepFailed</method>
      <line>36</line>
    </frame>
    <frame>
      <class>com.kms.katalon.core.webui.keyword.internal.WebUIKeywordMain</class>
      <method>stepFailed</method>
      <line>65</line>
    </frame>
    <frame>
      <class>com.kms.katalon.core.webui.keyword.internal.WebUIKeywordMain</class>
      <method>runKeyword</method>
      <line>27</line>
    </frame>
    <frame>
      <class>com.kms.katalon.core.webui.keyword.builtin.SetTextKeyword</class>
      <method>setText</method>
      <line>65</line>
    </frame>
    <frame>
      <class>com.kms.katalon.core.webui.keyword.builtin.SetTextKeyword</class>
      <method>execute</method>
      <line>37</line>
    </frame>
    <frame>
      <class>com.kms.katalon.core.keyword.internal.KeywordExecutor</class>
      <method>executeKeywordForPlatform</method>
      <line>53</line>
    </frame>
    <frame>
      <class>com.kms.katalon.core.webui.keyword.WebUiBuiltInKeywords</class>
      <method>setText</method>
      <line>950</line>
    </frame>
    <frame>
      <class>com.kms.katalon.core.webui.keyword.WebUiBuiltInKeywords$setText$2</class>
      <method>call</method>
    </frame>
    <frame>
      <class>create_match_loop_with_open_match</class>
      <method>run</method>
      <line>43</line>
    </frame>
    <frame>
      <class>com.kms.katalon.core.main.ScriptEngine</class>
      <method>run</method>
      <line>194</line>
    </frame>
    <frame>
      <class>com.kms.katalon.core.main.ScriptEngine</class>
      <method>runScriptAsRawText</method>
      <line>119</line>
    </frame>
    <frame>
      <class>com.kms.katalon.core.main.TestCaseExecutor</class>
      <method>runScript</method>
      <line>321</line>
    </frame>
    <frame>
      <class>com.kms.katalon.core.main.TestCaseExecutor</class>
      <method>doExecute</method>
      <line>312</line>
    </frame>
    <frame>
      <class>com.kms.katalon.core.main.TestCaseExecutor</class>
      <method>processExecutionPhase</method>
      <line>291</line>
    </frame>
    <frame>
      <class>com.kms.katalon.core.main.TestCaseExecutor</class>
      <method>accessMainPhase</method>
      <line>283</line>
    </frame>
    <frame>
      <class>com.kms.katalon.core.main.TestCaseExecutor</class>
      <method>execute</method>
      <line>222</line>
    </frame>
    <frame>
      <class>com.kms.katalon.core.main.TestSuiteExecutor</class>
      <method>accessTestCaseMainPhase</method>
      <line>129</line>
    </frame>
    <frame>
      <class>com.kms.katalon.core.main.TestSuiteExecutor</class>
      <method>accessTestSuiteMainPhase</method>
      <line>112</line>
    </frame>
    <frame>
      <class>com.kms.katalon.core.main.TestSuiteExecutor</class>
      <method>execute</method>
      <line>81</line>
    </frame>
    <frame>
      <class>com.kms.katalon.core.main.TestCaseMain</class>
      <method>startTestSuite</method>
      <line>149</line>
    </frame>
    <frame>
      <class>com.kms.katalon.core.main.TestCaseMain$startTestSuite$0</class>
      <method>call</method>
    </frame>
    <frame>
      <class>TempTestSuite1545268730584</class>
      <method>run</method>
      <line>36</line>
    </frame>
  </exception>
  <nestedLevel>0</nestedLevel>
</record>
<record>
  <date>2018-12-20T09:20:40</date>
  <millis>1545268840648</millis>
  <sequence>176</sequence>
  <level>END</level>
  <class>com.kms.katalon.core.logging.XmlKeywordLogger</class>
  <method>endTest</method>
  <thread>1</thread>
  <message>End Test Case : Test Cases/DEV/Backoffice/create_match/create_match_loop_with_open_match</message>
  <nestedLevel>0</nestedLevel>
</record>
<record>
  <date>2018-12-20T09:20:41</date>
  <millis>1545268841339</millis>
  <sequence>177</sequence>
  <level>END</level>
  <class>com.kms.katalon.core.logging.XmlKeywordLogger</class>
  <method>endSuite</method>
  <thread>1</thread>
  <message>End Test Suite : Test Suites/Backoffice/create_match/create_match_loop_with_open_match/match_ATSC</message>
  <nestedLevel>0</nestedLevel>
</record>
</log>