<?xml version="1.0" encoding="UTF-8" standalone="no"?>
<!DOCTYPE log SYSTEM "logger.dtd">
<log>
<record>
  <date>2018-12-11T09:46:00</date>
  <millis>1544492760373</millis>
  <sequence>0</sequence>
  <level>START</level>
  <class>com.kms.katalon.core.logging.XmlKeywordLogger</class>
  <method>startSuite</method>
  <thread>1</thread>
  <message>Start Test Suite : Test Suites/Backoffice/create_match/create_match_loop_with_open_match/match_SRC</message>
  <nestedLevel>0</nestedLevel>
  <property name="name">match_SRC</property>
  <property name="description"></property>
  <property name="id">Test Suites/Backoffice/create_match/create_match_loop_with_open_match/match_SRC</property>
</record>
<record>
  <date>2018-12-11T09:46:00</date>
  <millis>1544492760410</millis>
  <sequence>1</sequence>
  <level>RUN_DATA</level>
  <class>com.kms.katalon.core.logging.XmlKeywordLogger</class>
  <method>logMessage</method>
  <thread>1</thread>
  <message>hostName = Administrator - WIN-A9QUABO2G0M</message>
  <nestedLevel>0</nestedLevel>
  <property name="hostName">Administrator - WIN-A9QUABO2G0M</property>
</record>
<record>
  <date>2018-12-11T09:46:00</date>
  <millis>1544492760412</millis>
  <sequence>2</sequence>
  <level>RUN_DATA</level>
  <class>com.kms.katalon.core.logging.XmlKeywordLogger</class>
  <method>logMessage</method>
  <thread>1</thread>
  <message>os = Windows Server 2016 64bit</message>
  <nestedLevel>0</nestedLevel>
  <property name="os">Windows Server 2016 64bit</property>
</record>
<record>
  <date>2018-12-11T09:46:00</date>
  <millis>1544492760414</millis>
  <sequence>3</sequence>
  <level>RUN_DATA</level>
  <class>com.kms.katalon.core.logging.XmlKeywordLogger</class>
  <method>logMessage</method>
  <thread>1</thread>
  <message>hostAddress = 192.168.111.1</message>
  <nestedLevel>0</nestedLevel>
  <property name="hostAddress">192.168.111.1</property>
</record>
<record>
  <date>2018-12-11T09:46:00</date>
  <millis>1544492760415</millis>
  <sequence>4</sequence>
  <level>RUN_DATA</level>
  <class>com.kms.katalon.core.logging.XmlKeywordLogger</class>
  <method>logMessage</method>
  <thread>1</thread>
  <message>katalonVersion = 5.9.1.2</message>
  <nestedLevel>0</nestedLevel>
  <property name="katalonVersion">5.9.1.2</property>
</record>
<record>
  <date>2018-12-11T09:46:00</date>
  <millis>1544492760813</millis>
  <sequence>5</sequence>
  <level>START</level>
  <class>com.kms.katalon.core.logging.XmlKeywordLogger</class>
  <method>startTest</method>
  <thread>1</thread>
  <message>Start Test Case : Test Cases/DEV/Backoffice/create_match/create_match_loop_with_open_match</message>
  <nestedLevel>1</nestedLevel>
  <property name="name">Test Cases/DEV/Backoffice/create_match/create_match_loop_with_open_match</property>
  <property name="description"></property>
  <property name="id">Test Cases/DEV/Backoffice/create_match/create_match_loop_with_open_match</property>
  <property name="source">C:\\Users\\Administrator\\git\\JANINE_QA\\Test Cases\\DEV\\Backoffice\\create_match\\create_match_loop_with_open_match.tc</property>
  <property name="isOptional">false</property>
</record>
<record>
  <date>2018-12-11T09:46:00</date>
  <millis>1544492760859</millis>
  <sequence>7</sequence>
  <level>INFO</level>
  <class>com.kms.katalon.core.logging.XmlKeywordLogger</class>
  <method>logMessage</method>
  <thread>1</thread>
  <message>Meron_Name = AA</message>
  <nestedLevel>1</nestedLevel>
</record>
<record>
  <date>2018-12-11T09:46:00</date>
  <millis>1544492760860</millis>
  <sequence>8</sequence>
  <level>INFO</level>
  <class>com.kms.katalon.core.logging.XmlKeywordLogger</class>
  <method>logMessage</method>
  <thread>1</thread>
  <message>Meron_Farm = Farm 1</message>
  <nestedLevel>1</nestedLevel>
</record>
<record>
  <date>2018-12-11T09:46:00</date>
  <millis>1544492760860</millis>
  <sequence>9</sequence>
  <level>INFO</level>
  <class>com.kms.katalon.core.logging.XmlKeywordLogger</class>
  <method>logMessage</method>
  <thread>1</thread>
  <message>Meron_Breed = Breed 1</message>
  <nestedLevel>1</nestedLevel>
</record>
<record>
  <date>2018-12-11T09:46:00</date>
  <millis>1544492760861</millis>
  <sequence>10</sequence>
  <level>INFO</level>
  <class>com.kms.katalon.core.logging.XmlKeywordLogger</class>
  <method>logMessage</method>
  <thread>1</thread>
  <message>Meron_Weight = Weight 1</message>
  <nestedLevel>1</nestedLevel>
</record>
<record>
  <date>2018-12-11T09:46:00</date>
  <millis>1544492760861</millis>
  <sequence>11</sequence>
  <level>INFO</level>
  <class>com.kms.katalon.core.logging.XmlKeywordLogger</class>
  <method>logMessage</method>
  <thread>1</thread>
  <message>Wala_Name = BB</message>
  <nestedLevel>1</nestedLevel>
</record>
<record>
  <date>2018-12-11T09:46:00</date>
  <millis>1544492760863</millis>
  <sequence>12</sequence>
  <level>INFO</level>
  <class>com.kms.katalon.core.logging.XmlKeywordLogger</class>
  <method>logMessage</method>
  <thread>1</thread>
  <message>Wala_Farm = Farm 2</message>
  <nestedLevel>1</nestedLevel>
</record>
<record>
  <date>2018-12-11T09:46:00</date>
  <millis>1544492760863</millis>
  <sequence>13</sequence>
  <level>INFO</level>
  <class>com.kms.katalon.core.logging.XmlKeywordLogger</class>
  <method>logMessage</method>
  <thread>1</thread>
  <message>Wala_Breed = Breed 2</message>
  <nestedLevel>1</nestedLevel>
</record>
<record>
  <date>2018-12-11T09:46:00</date>
  <millis>1544492760864</millis>
  <sequence>14</sequence>
  <level>INFO</level>
  <class>com.kms.katalon.core.logging.XmlKeywordLogger</class>
  <method>logMessage</method>
  <thread>1</thread>
  <message>Wala_Weight = Weight 2</message>
  <nestedLevel>1</nestedLevel>
</record>
<record>
  <date>2018-12-11T09:46:00</date>
  <millis>1544492760864</millis>
  <sequence>15</sequence>
  <level>INFO</level>
  <class>com.kms.katalon.core.logging.XmlKeywordLogger</class>
  <method>logMessage</method>
  <thread>1</thread>
  <message>Arena_Acronym = SAN ROQUE COCKPIT (MARIKINA) - SRC</message>
  <nestedLevel>1</nestedLevel>
</record>
<record>
  <date>2018-12-11T09:46:01</date>
  <millis>1544492761881</millis>
  <sequence>16</sequence>
  <level>START</level>
  <class>com.kms.katalon.core.logging.XmlKeywordLogger</class>
  <method>startKeyword</method>
  <thread>1</thread>
  <message>Start action : mj.loginBackofficeDev.login()</message>
  <nestedLevel>1</nestedLevel>
  <property name="startLine">17</property>
  <property name="stepIndex">1</property>
</record>
<record>
  <date>2018-12-11T09:46:02</date>
  <millis>1544492762418</millis>
  <sequence>18</sequence>
  <level>INFO</level>
  <class>com.kms.katalon.core.logging.XmlKeywordLogger</class>
  <method>logMessage</method>
  <thread>1</thread>
  <message>Starting &amp;apos;Chrome&amp;apos; driver</message>
  <nestedLevel>1</nestedLevel>
</record>
<record>
  <date>2018-12-11T09:46:02</date>
  <millis>1544492762454</millis>
  <sequence>19</sequence>
  <level>INFO</level>
  <class>com.kms.katalon.core.logging.XmlKeywordLogger</class>
  <method>logMessage</method>
  <thread>1</thread>
  <message>Action delay is set to 0 seconds</message>
  <nestedLevel>1</nestedLevel>
</record>
<record>
  <date>2018-12-11T09:46:05</date>
  <millis>1544492765959</millis>
  <sequence>21</sequence>
  <level>RUN_DATA</level>
  <class>com.kms.katalon.core.logging.XmlKeywordLogger</class>
  <method>logMessage</method>
  <thread>1</thread>
  <message>sessionId = ba70832f31b09e81abb58096f0a6341b</message>
  <nestedLevel>1</nestedLevel>
  <property name="sessionId">ba70832f31b09e81abb58096f0a6341b</property>
</record>
<record>
  <date>2018-12-11T09:46:06</date>
  <millis>1544492766028</millis>
  <sequence>22</sequence>
  <level>RUN_DATA</level>
  <class>com.kms.katalon.core.logging.XmlKeywordLogger</class>
  <method>logMessage</method>
  <thread>1</thread>
  <message>browser = Chrome 70.0.3538.110</message>
  <nestedLevel>1</nestedLevel>
  <property name="browser">Chrome 70.0.3538.110</property>
</record>
<record>
  <date>2018-12-11T09:46:06</date>
  <millis>1544492766030</millis>
  <sequence>23</sequence>
  <level>RUN_DATA</level>
  <class>com.kms.katalon.core.logging.XmlKeywordLogger</class>
  <method>logMessage</method>
  <thread>1</thread>
  <message>platform = Windows Server 2016</message>
  <nestedLevel>1</nestedLevel>
  <property name="platform">Windows Server 2016</property>
</record>
<record>
  <date>2018-12-11T09:46:06</date>
  <millis>1544492766036</millis>
  <sequence>24</sequence>
  <level>RUN_DATA</level>
  <class>com.kms.katalon.core.logging.XmlKeywordLogger</class>
  <method>logMessage</method>
  <thread>1</thread>
  <message>seleniumVersion = 3.7.1</message>
  <nestedLevel>1</nestedLevel>
  <property name="seleniumVersion">3.7.1</property>
</record>
<record>
  <date>2018-12-11T09:46:06</date>
  <millis>1544492766039</millis>
  <sequence>25</sequence>
  <level>RUN_DATA</level>
  <class>com.kms.katalon.core.logging.XmlKeywordLogger</class>
  <method>logMessage</method>
  <thread>1</thread>
  <message>proxyInformation = ProxyInformation{proxyOption=NO_PROXY, proxyServerType=HTTP, password=, proxyServerAddress=, proxyServerPort=0}</message>
  <nestedLevel>1</nestedLevel>
  <property name="proxyInformation">ProxyInformation{proxyOption=NO_PROXY, proxyServerType=HTTP, password=, proxyServerAddress=, proxyServerPort=0}</property>
</record>
<record>
  <date>2018-12-11T09:46:06</date>
  <millis>1544492766041</millis>
  <sequence>26</sequence>
  <level>PASSED</level>
  <class>com.kms.katalon.core.logging.XmlKeywordLogger</class>
  <method>logMessage</method>
  <thread>1</thread>
  <message>Browser is opened with url: &amp;apos;&amp;apos;</message>
  <nestedLevel>1</nestedLevel>
</record>
<record>
  <date>2018-12-11T09:46:07</date>
  <millis>1544492767204</millis>
  <sequence>28</sequence>
  <level>PASSED</level>
  <class>com.kms.katalon.core.logging.XmlKeywordLogger</class>
  <method>logMessage</method>
  <thread>1</thread>
  <message>Current window maximized</message>
  <nestedLevel>1</nestedLevel>
</record>
<record>
  <date>2018-12-11T09:46:08</date>
  <millis>1544492768044</millis>
  <sequence>31</sequence>
  <level>PASSED</level>
  <class>com.kms.katalon.core.logging.XmlKeywordLogger</class>
  <method>logMessage</method>
  <thread>1</thread>
  <message>Navigate to &amp;apos;http://dev-admin.ucf88.com/login&amp;apos; successfully</message>
  <nestedLevel>1</nestedLevel>
</record>
<record>
  <date>2018-12-11T09:46:08</date>
  <millis>1544492768448</millis>
  <sequence>43</sequence>
  <level>PASSED</level>
  <class>com.kms.katalon.core.logging.XmlKeywordLogger</class>
  <method>logMessage</method>
  <thread>1</thread>
  <message>Text &amp;apos;janine&amp;apos; is set on object &amp;apos;Object Repository/Backoffice/login_page/input_username&amp;apos;</message>
  <nestedLevel>1</nestedLevel>
</record>
<record>
  <date>2018-12-11T09:46:08</date>
  <millis>1544492768895</millis>
  <sequence>52</sequence>
  <level>PASSED</level>
  <class>com.kms.katalon.core.logging.XmlKeywordLogger</class>
  <method>logMessage</method>
  <thread>1</thread>
  <message>Text ****** has been set on object &amp;apos;Object Repository/Backoffice/login_page/input_password&amp;apos;</message>
  <nestedLevel>1</nestedLevel>
</record>
<record>
  <date>2018-12-11T09:46:11</date>
  <millis>1544492771074</millis>
  <sequence>59</sequence>
  <level>PASSED</level>
  <class>com.kms.katalon.core.logging.XmlKeywordLogger</class>
  <method>logMessage</method>
  <thread>1</thread>
  <message>Object: &amp;apos;Object Repository/Backoffice/login_page/button_login&amp;apos; is clicked on</message>
  <nestedLevel>1</nestedLevel>
</record>
<record>
  <date>2018-12-11T09:46:11</date>
  <millis>1544492771075</millis>
  <sequence>60</sequence>
  <level>PASSED</level>
  <class>com.kms.katalon.core.logging.XmlKeywordLogger</class>
  <method>logMessage</method>
  <thread>1</thread>
  <message>mj.loginBackofficeDev.login is PASSED</message>
  <nestedLevel>1</nestedLevel>
</record>
<record>
  <date>2018-12-11T09:46:11</date>
  <millis>1544492771076</millis>
  <sequence>61</sequence>
  <level>END</level>
  <class>com.kms.katalon.core.logging.XmlKeywordLogger</class>
  <method>endKeyword</method>
  <thread>1</thread>
  <message>End action : mj.loginBackofficeDev.login()</message>
  <nestedLevel>1</nestedLevel>
</record>
<record>
  <date>2018-12-11T09:46:11</date>
  <millis>1544492771077</millis>
  <sequence>62</sequence>
  <level>START</level>
  <class>com.kms.katalon.core.logging.XmlKeywordLogger</class>
  <method>startKeyword</method>
  <thread>1</thread>
  <message>Start action : mouseOver(findTestObject(\&amp;quot;Backoffice/headers/span_betting\&amp;quot;))</message>
  <nestedLevel>1</nestedLevel>
  <property name="startLine">19</property>
  <property name="stepIndex">2</property>
</record>
<record>
  <date>2018-12-11T09:46:11</date>
  <millis>1544492771203</millis>
  <sequence>69</sequence>
  <level>PASSED</level>
  <class>com.kms.katalon.core.logging.XmlKeywordLogger</class>
  <method>logMessage</method>
  <thread>1</thread>
  <message>Object: &amp;apos;Object Repository/Backoffice/headers/span_betting&amp;apos; is hovered</message>
  <nestedLevel>1</nestedLevel>
</record>
<record>
  <date>2018-12-11T09:46:11</date>
  <millis>1544492771204</millis>
  <sequence>70</sequence>
  <level>END</level>
  <class>com.kms.katalon.core.logging.XmlKeywordLogger</class>
  <method>endKeyword</method>
  <thread>1</thread>
  <message>End action : mouseOver(findTestObject(\&amp;quot;Backoffice/headers/span_betting\&amp;quot;))</message>
  <nestedLevel>1</nestedLevel>
</record>
<record>
  <date>2018-12-11T09:46:11</date>
  <millis>1544492771204</millis>
  <sequence>71</sequence>
  <level>START</level>
  <class>com.kms.katalon.core.logging.XmlKeywordLogger</class>
  <method>startKeyword</method>
  <thread>1</thread>
  <message>Start action : delay(1)</message>
  <nestedLevel>1</nestedLevel>
  <property name="startLine">21</property>
  <property name="stepIndex">3</property>
</record>
<record>
  <date>2018-12-11T09:46:12</date>
  <millis>1544492772236</millis>
  <sequence>73</sequence>
  <level>PASSED</level>
  <class>com.kms.katalon.core.logging.XmlKeywordLogger</class>
  <method>logMessage</method>
  <thread>1</thread>
  <message>Delayed 1 second(s)</message>
  <nestedLevel>1</nestedLevel>
</record>
<record>
  <date>2018-12-11T09:46:12</date>
  <millis>1544492772237</millis>
  <sequence>74</sequence>
  <level>END</level>
  <class>com.kms.katalon.core.logging.XmlKeywordLogger</class>
  <method>endKeyword</method>
  <thread>1</thread>
  <message>End action : delay(1)</message>
  <nestedLevel>1</nestedLevel>
</record>
<record>
  <date>2018-12-11T09:46:12</date>
  <millis>1544492772237</millis>
  <sequence>75</sequence>
  <level>START</level>
  <class>com.kms.katalon.core.logging.XmlKeywordLogger</class>
  <method>startKeyword</method>
  <thread>1</thread>
  <message>Start action : waitForElementVisible(findTestObject(\&amp;quot;Backoffice/headers/span_match\&amp;quot;), 2)</message>
  <nestedLevel>1</nestedLevel>
  <property name="startLine">23</property>
  <property name="stepIndex">4</property>
</record>
<record>
  <date>2018-12-11T09:46:12</date>
  <millis>1544492772298</millis>
  <sequence>82</sequence>
  <level>PASSED</level>
  <class>com.kms.katalon.core.logging.XmlKeywordLogger</class>
  <method>logMessage</method>
  <thread>1</thread>
  <message>Object &amp;apos;Object Repository/Backoffice/headers/span_match&amp;apos; is visible</message>
  <nestedLevel>1</nestedLevel>
</record>
<record>
  <date>2018-12-11T09:46:12</date>
  <millis>1544492772299</millis>
  <sequence>83</sequence>
  <level>END</level>
  <class>com.kms.katalon.core.logging.XmlKeywordLogger</class>
  <method>endKeyword</method>
  <thread>1</thread>
  <message>End action : waitForElementVisible(findTestObject(\&amp;quot;Backoffice/headers/span_match\&amp;quot;), 2)</message>
  <nestedLevel>1</nestedLevel>
</record>
<record>
  <date>2018-12-11T09:46:12</date>
  <millis>1544492772299</millis>
  <sequence>84</sequence>
  <level>START</level>
  <class>com.kms.katalon.core.logging.XmlKeywordLogger</class>
  <method>startKeyword</method>
  <thread>1</thread>
  <message>Start action : click(findTestObject(\&amp;quot;Backoffice/headers/span_match\&amp;quot;))</message>
  <nestedLevel>1</nestedLevel>
  <property name="startLine">25</property>
  <property name="stepIndex">5</property>
</record>
<record>
  <date>2018-12-11T09:46:17</date>
  <millis>1544492777935</millis>
  <sequence>91</sequence>
  <level>PASSED</level>
  <class>com.kms.katalon.core.logging.XmlKeywordLogger</class>
  <method>logMessage</method>
  <thread>1</thread>
  <message>Object: &amp;apos;Object Repository/Backoffice/headers/span_match&amp;apos; is clicked on</message>
  <nestedLevel>1</nestedLevel>
</record>
<record>
  <date>2018-12-11T09:46:17</date>
  <millis>1544492777937</millis>
  <sequence>92</sequence>
  <level>END</level>
  <class>com.kms.katalon.core.logging.XmlKeywordLogger</class>
  <method>endKeyword</method>
  <thread>1</thread>
  <message>End action : click(findTestObject(\&amp;quot;Backoffice/headers/span_match\&amp;quot;))</message>
  <nestedLevel>1</nestedLevel>
</record>
<record>
  <date>2018-12-11T09:46:17</date>
  <millis>1544492777937</millis>
  <sequence>93</sequence>
  <level>START</level>
  <class>com.kms.katalon.core.logging.XmlKeywordLogger</class>
  <method>startKeyword</method>
  <thread>1</thread>
  <message>Start action : delay(1)</message>
  <nestedLevel>1</nestedLevel>
  <property name="startLine">27</property>
  <property name="stepIndex">6</property>
</record>
<record>
  <date>2018-12-11T09:46:18</date>
  <millis>1544492778938</millis>
  <sequence>95</sequence>
  <level>PASSED</level>
  <class>com.kms.katalon.core.logging.XmlKeywordLogger</class>
  <method>logMessage</method>
  <thread>1</thread>
  <message>Delayed 1 second(s)</message>
  <nestedLevel>1</nestedLevel>
</record>
<record>
  <date>2018-12-11T09:46:18</date>
  <millis>1544492778941</millis>
  <sequence>96</sequence>
  <level>END</level>
  <class>com.kms.katalon.core.logging.XmlKeywordLogger</class>
  <method>endKeyword</method>
  <thread>1</thread>
  <message>End action : delay(1)</message>
  <nestedLevel>1</nestedLevel>
</record>
<record>
  <date>2018-12-11T09:46:18</date>
  <millis>1544492778942</millis>
  <sequence>97</sequence>
  <level>START</level>
  <class>com.kms.katalon.core.logging.XmlKeywordLogger</class>
  <method>startKeyword</method>
  <thread>1</thread>
  <message>Start action : verifyElementPresent(findTestObject(\&amp;quot;Backoffice/match_mgmt/button_create_match\&amp;quot;), 2)</message>
  <nestedLevel>1</nestedLevel>
  <property name="startLine">29</property>
  <property name="stepIndex">7</property>
</record>
<record>
  <date>2018-12-11T09:46:19</date>
  <millis>1544492779051</millis>
  <sequence>103</sequence>
  <level>PASSED</level>
  <class>com.kms.katalon.core.logging.XmlKeywordLogger</class>
  <method>logMessage</method>
  <thread>1</thread>
  <message>Object &amp;apos;Object Repository/Backoffice/match_mgmt/button_create_match&amp;apos; is present</message>
  <nestedLevel>1</nestedLevel>
</record>
<record>
  <date>2018-12-11T09:46:19</date>
  <millis>1544492779053</millis>
  <sequence>104</sequence>
  <level>END</level>
  <class>com.kms.katalon.core.logging.XmlKeywordLogger</class>
  <method>endKeyword</method>
  <thread>1</thread>
  <message>End action : verifyElementPresent(findTestObject(\&amp;quot;Backoffice/match_mgmt/button_create_match\&amp;quot;), 2)</message>
  <nestedLevel>1</nestedLevel>
</record>
<record>
  <date>2018-12-11T09:46:19</date>
  <millis>1544492779054</millis>
  <sequence>105</sequence>
  <level>START</level>
  <class>com.kms.katalon.core.logging.XmlKeywordLogger</class>
  <method>startKeyword</method>
  <thread>1</thread>
  <message>Start action : click(findTestObject(\&amp;quot;Backoffice/match_mgmt/button_create_match\&amp;quot;))</message>
  <nestedLevel>1</nestedLevel>
  <property name="startLine">31</property>
  <property name="stepIndex">8</property>
</record>
<record>
  <date>2018-12-11T09:46:19</date>
  <millis>1544492779394</millis>
  <sequence>112</sequence>
  <level>PASSED</level>
  <class>com.kms.katalon.core.logging.XmlKeywordLogger</class>
  <method>logMessage</method>
  <thread>1</thread>
  <message>Object: &amp;apos;Object Repository/Backoffice/match_mgmt/button_create_match&amp;apos; is clicked on</message>
  <nestedLevel>1</nestedLevel>
</record>
<record>
  <date>2018-12-11T09:46:19</date>
  <millis>1544492779396</millis>
  <sequence>113</sequence>
  <level>END</level>
  <class>com.kms.katalon.core.logging.XmlKeywordLogger</class>
  <method>endKeyword</method>
  <thread>1</thread>
  <message>End action : click(findTestObject(\&amp;quot;Backoffice/match_mgmt/button_create_match\&amp;quot;))</message>
  <nestedLevel>1</nestedLevel>
</record>
<record>
  <date>2018-12-11T09:46:19</date>
  <millis>1544492779397</millis>
  <sequence>114</sequence>
  <level>START</level>
  <class>com.kms.katalon.core.logging.XmlKeywordLogger</class>
  <method>startKeyword</method>
  <thread>1</thread>
  <message>Start action : delay(1)</message>
  <nestedLevel>1</nestedLevel>
  <property name="startLine">33</property>
  <property name="stepIndex">9</property>
</record>
<record>
  <date>2018-12-11T09:46:20</date>
  <millis>1544492780400</millis>
  <sequence>116</sequence>
  <level>PASSED</level>
  <class>com.kms.katalon.core.logging.XmlKeywordLogger</class>
  <method>logMessage</method>
  <thread>1</thread>
  <message>Delayed 1 second(s)</message>
  <nestedLevel>1</nestedLevel>
</record>
<record>
  <date>2018-12-11T09:46:20</date>
  <millis>1544492780402</millis>
  <sequence>117</sequence>
  <level>END</level>
  <class>com.kms.katalon.core.logging.XmlKeywordLogger</class>
  <method>endKeyword</method>
  <thread>1</thread>
  <message>End action : delay(1)</message>
  <nestedLevel>1</nestedLevel>
</record>
<record>
  <date>2018-12-11T09:46:20</date>
  <millis>1544492780402</millis>
  <sequence>118</sequence>
  <level>START</level>
  <class>com.kms.katalon.core.logging.XmlKeywordLogger</class>
  <method>startKeyword</method>
  <thread>1</thread>
  <message>Start action : click(findTestObject(\&amp;quot;Backoffice/match_mgmt/span_select_arena_name\&amp;quot;))</message>
  <nestedLevel>1</nestedLevel>
  <property name="startLine">35</property>
  <property name="stepIndex">10</property>
</record>
<record>
  <date>2018-12-11T09:46:20</date>
  <millis>1544492780726</millis>
  <sequence>125</sequence>
  <level>PASSED</level>
  <class>com.kms.katalon.core.logging.XmlKeywordLogger</class>
  <method>logMessage</method>
  <thread>1</thread>
  <message>Object: &amp;apos;Object Repository/Backoffice/match_mgmt/span_select_arena_name&amp;apos; is clicked on</message>
  <nestedLevel>1</nestedLevel>
</record>
<record>
  <date>2018-12-11T09:46:20</date>
  <millis>1544492780728</millis>
  <sequence>126</sequence>
  <level>END</level>
  <class>com.kms.katalon.core.logging.XmlKeywordLogger</class>
  <method>endKeyword</method>
  <thread>1</thread>
  <message>End action : click(findTestObject(\&amp;quot;Backoffice/match_mgmt/span_select_arena_name\&amp;quot;))</message>
  <nestedLevel>1</nestedLevel>
</record>
<record>
  <date>2018-12-11T09:46:20</date>
  <millis>1544492780728</millis>
  <sequence>127</sequence>
  <level>START</level>
  <class>com.kms.katalon.core.logging.XmlKeywordLogger</class>
  <method>startKeyword</method>
  <thread>1</thread>
  <message>Start action : setText(findTestObject(\&amp;quot;Backoffice/match_mgmt/input__select2-search__arena_name\&amp;quot;), Arena_Acronym)</message>
  <nestedLevel>1</nestedLevel>
  <property name="startLine">37</property>
  <property name="stepIndex">11</property>
</record>
<record>
  <date>2018-12-11T09:46:23</date>
  <millis>1544492783898</millis>
  <sequence>139</sequence>
  <level>PASSED</level>
  <class>com.kms.katalon.core.logging.XmlKeywordLogger</class>
  <method>logMessage</method>
  <thread>1</thread>
  <message>Text &amp;apos;SAN ROQUE COCKPIT (MARIKINA) - SRC&amp;apos; is set on object &amp;apos;Object Repository/Backoffice/match_mgmt/input__select2-search__arena_name&amp;apos;</message>
  <nestedLevel>1</nestedLevel>
</record>
<record>
  <date>2018-12-11T09:46:23</date>
  <millis>1544492783900</millis>
  <sequence>140</sequence>
  <level>END</level>
  <class>com.kms.katalon.core.logging.XmlKeywordLogger</class>
  <method>endKeyword</method>
  <thread>1</thread>
  <message>End action : setText(findTestObject(\&amp;quot;Backoffice/match_mgmt/input__select2-search__arena_name\&amp;quot;), Arena_Acronym)</message>
  <nestedLevel>1</nestedLevel>
</record>
<record>
  <date>2018-12-11T09:46:23</date>
  <millis>1544492783900</millis>
  <sequence>141</sequence>
  <level>START</level>
  <class>com.kms.katalon.core.logging.XmlKeywordLogger</class>
  <method>startKeyword</method>
  <thread>1</thread>
  <message>Start action : sendKeys(findTestObject(\&amp;quot;Backoffice/match_mgmt/input__select2-search__arena_name\&amp;quot;), Keys.chord(ENTER))</message>
  <nestedLevel>1</nestedLevel>
  <property name="startLine">39</property>
  <property name="stepIndex">12</property>
</record>
<record>
  <date>2018-12-11T09:46:24</date>
  <millis>1544492784121</millis>
  <sequence>147</sequence>
  <level>PASSED</level>
  <class>com.kms.katalon.core.logging.XmlKeywordLogger</class>
  <method>logMessage</method>
  <thread>1</thread>
  <message>Keys &amp;apos;ENTER + &amp;apos; sent to object: &amp;apos;Object Repository/Backoffice/match_mgmt/input__select2-search__arena_name&amp;apos;</message>
  <nestedLevel>1</nestedLevel>
</record>
<record>
  <date>2018-12-11T09:46:24</date>
  <millis>1544492784122</millis>
  <sequence>148</sequence>
  <level>END</level>
  <class>com.kms.katalon.core.logging.XmlKeywordLogger</class>
  <method>endKeyword</method>
  <thread>1</thread>
  <message>End action : sendKeys(findTestObject(\&amp;quot;Backoffice/match_mgmt/input__select2-search__arena_name\&amp;quot;), Keys.chord(ENTER))</message>
  <nestedLevel>1</nestedLevel>
</record>
<record>
  <date>2018-12-11T09:46:24</date>
  <millis>1544492784123</millis>
  <sequence>149</sequence>
  <level>START</level>
  <class>com.kms.katalon.core.logging.XmlKeywordLogger</class>
  <method>startKeyword</method>
  <thread>1</thread>
  <message>Start action : setText(findTestObject(\&amp;quot;Backoffice/match_mgmt/meron_details/input_meron_name\&amp;quot;), Meron_Name)</message>
  <nestedLevel>1</nestedLevel>
  <property name="startLine">41</property>
  <property name="stepIndex">13</property>
</record>
<record>
  <date>2018-12-11T09:46:24</date>
  <millis>1544492784508</millis>
  <sequence>161</sequence>
  <level>PASSED</level>
  <class>com.kms.katalon.core.logging.XmlKeywordLogger</class>
  <method>logMessage</method>
  <thread>1</thread>
  <message>Text &amp;apos;AA&amp;apos; is set on object &amp;apos;Object Repository/Backoffice/match_mgmt/meron_details/input_meron_name&amp;apos;</message>
  <nestedLevel>1</nestedLevel>
</record>
<record>
  <date>2018-12-11T09:46:24</date>
  <millis>1544492784510</millis>
  <sequence>162</sequence>
  <level>END</level>
  <class>com.kms.katalon.core.logging.XmlKeywordLogger</class>
  <method>endKeyword</method>
  <thread>1</thread>
  <message>End action : setText(findTestObject(\&amp;quot;Backoffice/match_mgmt/meron_details/input_meron_name\&amp;quot;), Meron_Name)</message>
  <nestedLevel>1</nestedLevel>
</record>
<record>
  <date>2018-12-11T09:46:24</date>
  <millis>1544492784511</millis>
  <sequence>163</sequence>
  <level>START</level>
  <class>com.kms.katalon.core.logging.XmlKeywordLogger</class>
  <method>startKeyword</method>
  <thread>1</thread>
  <message>Start action : setText(findTestObject(\&amp;quot;Backoffice/match_mgmt/meron_details/input_meron_farm\&amp;quot;), Meron_Farm)</message>
  <nestedLevel>1</nestedLevel>
  <property name="startLine">43</property>
  <property name="stepIndex">14</property>
</record>
<record>
  <date>2018-12-11T09:46:24</date>
  <millis>1544492784957</millis>
  <sequence>175</sequence>
  <level>PASSED</level>
  <class>com.kms.katalon.core.logging.XmlKeywordLogger</class>
  <method>logMessage</method>
  <thread>1</thread>
  <message>Text &amp;apos;Farm 1&amp;apos; is set on object &amp;apos;Object Repository/Backoffice/match_mgmt/meron_details/input_meron_farm&amp;apos;</message>
  <nestedLevel>1</nestedLevel>
</record>
<record>
  <date>2018-12-11T09:46:24</date>
  <millis>1544492784959</millis>
  <sequence>176</sequence>
  <level>END</level>
  <class>com.kms.katalon.core.logging.XmlKeywordLogger</class>
  <method>endKeyword</method>
  <thread>1</thread>
  <message>End action : setText(findTestObject(\&amp;quot;Backoffice/match_mgmt/meron_details/input_meron_farm\&amp;quot;), Meron_Farm)</message>
  <nestedLevel>1</nestedLevel>
</record>
<record>
  <date>2018-12-11T09:46:24</date>
  <millis>1544492784960</millis>
  <sequence>177</sequence>
  <level>START</level>
  <class>com.kms.katalon.core.logging.XmlKeywordLogger</class>
  <method>startKeyword</method>
  <thread>1</thread>
  <message>Start action : setText(findTestObject(\&amp;quot;Backoffice/match_mgmt/meron_details/input_meron_breed\&amp;quot;), Meron_Breed)</message>
  <nestedLevel>1</nestedLevel>
  <property name="startLine">45</property>
  <property name="stepIndex">15</property>
</record>
<record>
  <date>2018-12-11T09:46:25</date>
  <millis>1544492785474</millis>
  <sequence>189</sequence>
  <level>PASSED</level>
  <class>com.kms.katalon.core.logging.XmlKeywordLogger</class>
  <method>logMessage</method>
  <thread>1</thread>
  <message>Text &amp;apos;Breed 1&amp;apos; is set on object &amp;apos;Object Repository/Backoffice/match_mgmt/meron_details/input_meron_breed&amp;apos;</message>
  <nestedLevel>1</nestedLevel>
</record>
<record>
  <date>2018-12-11T09:46:25</date>
  <millis>1544492785477</millis>
  <sequence>190</sequence>
  <level>END</level>
  <class>com.kms.katalon.core.logging.XmlKeywordLogger</class>
  <method>endKeyword</method>
  <thread>1</thread>
  <message>End action : setText(findTestObject(\&amp;quot;Backoffice/match_mgmt/meron_details/input_meron_breed\&amp;quot;), Meron_Breed)</message>
  <nestedLevel>1</nestedLevel>
</record>
<record>
  <date>2018-12-11T09:46:25</date>
  <millis>1544492785478</millis>
  <sequence>191</sequence>
  <level>START</level>
  <class>com.kms.katalon.core.logging.XmlKeywordLogger</class>
  <method>startKeyword</method>
  <thread>1</thread>
  <message>Start action : setText(findTestObject(\&amp;quot;Backoffice/match_mgmt/meron_details/input_meron_weight\&amp;quot;), Meron_Weight)</message>
  <nestedLevel>1</nestedLevel>
  <property name="startLine">47</property>
  <property name="stepIndex">16</property>
</record>
<record>
  <date>2018-12-11T09:46:25</date>
  <millis>1544492785942</millis>
  <sequence>203</sequence>
  <level>PASSED</level>
  <class>com.kms.katalon.core.logging.XmlKeywordLogger</class>
  <method>logMessage</method>
  <thread>1</thread>
  <message>Text &amp;apos;Weight 1&amp;apos; is set on object &amp;apos;Object Repository/Backoffice/match_mgmt/meron_details/input_meron_weight&amp;apos;</message>
  <nestedLevel>1</nestedLevel>
</record>
<record>
  <date>2018-12-11T09:46:25</date>
  <millis>1544492785944</millis>
  <sequence>204</sequence>
  <level>END</level>
  <class>com.kms.katalon.core.logging.XmlKeywordLogger</class>
  <method>endKeyword</method>
  <thread>1</thread>
  <message>End action : setText(findTestObject(\&amp;quot;Backoffice/match_mgmt/meron_details/input_meron_weight\&amp;quot;), Meron_Weight)</message>
  <nestedLevel>1</nestedLevel>
</record>
<record>
  <date>2018-12-11T09:46:25</date>
  <millis>1544492785945</millis>
  <sequence>205</sequence>
  <level>START</level>
  <class>com.kms.katalon.core.logging.XmlKeywordLogger</class>
  <method>startKeyword</method>
  <thread>1</thread>
  <message>Start action : setText(findTestObject(\&amp;quot;Backoffice/match_mgmt/wala_details/input_wala_name\&amp;quot;), Wala_Name)</message>
  <nestedLevel>1</nestedLevel>
  <property name="startLine">49</property>
  <property name="stepIndex">17</property>
</record>
<record>
  <date>2018-12-11T09:46:26</date>
  <millis>1544492786305</millis>
  <sequence>217</sequence>
  <level>PASSED</level>
  <class>com.kms.katalon.core.logging.XmlKeywordLogger</class>
  <method>logMessage</method>
  <thread>1</thread>
  <message>Text &amp;apos;BB&amp;apos; is set on object &amp;apos;Object Repository/Backoffice/match_mgmt/wala_details/input_wala_name&amp;apos;</message>
  <nestedLevel>1</nestedLevel>
</record>
<record>
  <date>2018-12-11T09:46:26</date>
  <millis>1544492786307</millis>
  <sequence>218</sequence>
  <level>END</level>
  <class>com.kms.katalon.core.logging.XmlKeywordLogger</class>
  <method>endKeyword</method>
  <thread>1</thread>
  <message>End action : setText(findTestObject(\&amp;quot;Backoffice/match_mgmt/wala_details/input_wala_name\&amp;quot;), Wala_Name)</message>
  <nestedLevel>1</nestedLevel>
</record>
<record>
  <date>2018-12-11T09:46:26</date>
  <millis>1544492786308</millis>
  <sequence>219</sequence>
  <level>START</level>
  <class>com.kms.katalon.core.logging.XmlKeywordLogger</class>
  <method>startKeyword</method>
  <thread>1</thread>
  <message>Start action : setText(findTestObject(\&amp;quot;Backoffice/match_mgmt/wala_details/input_wala_farm\&amp;quot;), Wala_Farm)</message>
  <nestedLevel>1</nestedLevel>
  <property name="startLine">51</property>
  <property name="stepIndex">18</property>
</record>
<record>
  <date>2018-12-11T09:46:26</date>
  <millis>1544492786759</millis>
  <sequence>231</sequence>
  <level>PASSED</level>
  <class>com.kms.katalon.core.logging.XmlKeywordLogger</class>
  <method>logMessage</method>
  <thread>1</thread>
  <message>Text &amp;apos;Farm 2&amp;apos; is set on object &amp;apos;Object Repository/Backoffice/match_mgmt/wala_details/input_wala_farm&amp;apos;</message>
  <nestedLevel>1</nestedLevel>
</record>
<record>
  <date>2018-12-11T09:46:26</date>
  <millis>1544492786760</millis>
  <sequence>232</sequence>
  <level>END</level>
  <class>com.kms.katalon.core.logging.XmlKeywordLogger</class>
  <method>endKeyword</method>
  <thread>1</thread>
  <message>End action : setText(findTestObject(\&amp;quot;Backoffice/match_mgmt/wala_details/input_wala_farm\&amp;quot;), Wala_Farm)</message>
  <nestedLevel>1</nestedLevel>
</record>
<record>
  <date>2018-12-11T09:46:26</date>
  <millis>1544492786761</millis>
  <sequence>233</sequence>
  <level>START</level>
  <class>com.kms.katalon.core.logging.XmlKeywordLogger</class>
  <method>startKeyword</method>
  <thread>1</thread>
  <message>Start action : setText(findTestObject(\&amp;quot;Backoffice/match_mgmt/wala_details/input_wala_breed\&amp;quot;), Wala_Breed)</message>
  <nestedLevel>1</nestedLevel>
  <property name="startLine">53</property>
  <property name="stepIndex">19</property>
</record>
<record>
  <date>2018-12-11T09:46:27</date>
  <millis>1544492787275</millis>
  <sequence>245</sequence>
  <level>PASSED</level>
  <class>com.kms.katalon.core.logging.XmlKeywordLogger</class>
  <method>logMessage</method>
  <thread>1</thread>
  <message>Text &amp;apos;Breed 2&amp;apos; is set on object &amp;apos;Object Repository/Backoffice/match_mgmt/wala_details/input_wala_breed&amp;apos;</message>
  <nestedLevel>1</nestedLevel>
</record>
<record>
  <date>2018-12-11T09:46:27</date>
  <millis>1544492787276</millis>
  <sequence>246</sequence>
  <level>END</level>
  <class>com.kms.katalon.core.logging.XmlKeywordLogger</class>
  <method>endKeyword</method>
  <thread>1</thread>
  <message>End action : setText(findTestObject(\&amp;quot;Backoffice/match_mgmt/wala_details/input_wala_breed\&amp;quot;), Wala_Breed)</message>
  <nestedLevel>1</nestedLevel>
</record>
<record>
  <date>2018-12-11T09:46:27</date>
  <millis>1544492787277</millis>
  <sequence>247</sequence>
  <level>START</level>
  <class>com.kms.katalon.core.logging.XmlKeywordLogger</class>
  <method>startKeyword</method>
  <thread>1</thread>
  <message>Start action : setText(findTestObject(\&amp;quot;Backoffice/match_mgmt/wala_details/input_wala_weight\&amp;quot;), Wala_Weight)</message>
  <nestedLevel>1</nestedLevel>
  <property name="startLine">55</property>
  <property name="stepIndex">20</property>
</record>
<record>
  <date>2018-12-11T09:46:27</date>
  <millis>1544492787756</millis>
  <sequence>259</sequence>
  <level>PASSED</level>
  <class>com.kms.katalon.core.logging.XmlKeywordLogger</class>
  <method>logMessage</method>
  <thread>1</thread>
  <message>Text &amp;apos;Weight 2&amp;apos; is set on object &amp;apos;Object Repository/Backoffice/match_mgmt/wala_details/input_wala_weight&amp;apos;</message>
  <nestedLevel>1</nestedLevel>
</record>
<record>
  <date>2018-12-11T09:46:27</date>
  <millis>1544492787758</millis>
  <sequence>260</sequence>
  <level>END</level>
  <class>com.kms.katalon.core.logging.XmlKeywordLogger</class>
  <method>endKeyword</method>
  <thread>1</thread>
  <message>End action : setText(findTestObject(\&amp;quot;Backoffice/match_mgmt/wala_details/input_wala_weight\&amp;quot;), Wala_Weight)</message>
  <nestedLevel>1</nestedLevel>
</record>
<record>
  <date>2018-12-11T09:46:27</date>
  <millis>1544492787758</millis>
  <sequence>261</sequence>
  <level>START</level>
  <class>com.kms.katalon.core.logging.XmlKeywordLogger</class>
  <method>startKeyword</method>
  <thread>1</thread>
  <message>Start action : click(findTestObject(\&amp;quot;Backoffice/match_mgmt/input_submit_match\&amp;quot;))</message>
  <nestedLevel>1</nestedLevel>
  <property name="startLine">57</property>
  <property name="stepIndex">21</property>
</record>
<record>
  <date>2018-12-11T09:46:33</date>
  <millis>1544492793821</millis>
  <sequence>268</sequence>
  <level>PASSED</level>
  <class>com.kms.katalon.core.logging.XmlKeywordLogger</class>
  <method>logMessage</method>
  <thread>1</thread>
  <message>Object: &amp;apos;Object Repository/Backoffice/match_mgmt/input_submit_match&amp;apos; is clicked on</message>
  <nestedLevel>1</nestedLevel>
</record>
<record>
  <date>2018-12-11T09:46:33</date>
  <millis>1544492793822</millis>
  <sequence>269</sequence>
  <level>END</level>
  <class>com.kms.katalon.core.logging.XmlKeywordLogger</class>
  <method>endKeyword</method>
  <thread>1</thread>
  <message>End action : click(findTestObject(\&amp;quot;Backoffice/match_mgmt/input_submit_match\&amp;quot;))</message>
  <nestedLevel>1</nestedLevel>
</record>
<record>
  <date>2018-12-11T09:46:33</date>
  <millis>1544492793823</millis>
  <sequence>270</sequence>
  <level>START</level>
  <class>com.kms.katalon.core.logging.XmlKeywordLogger</class>
  <method>startKeyword</method>
  <thread>1</thread>
  <message>Start action : click(findTestObject(\&amp;quot;Backoffice/match_mgmt/span_link_match\&amp;quot;))</message>
  <nestedLevel>1</nestedLevel>
  <property name="startLine">59</property>
  <property name="stepIndex">22</property>
</record>
<record>
  <date>2018-12-11T09:46:34</date>
  <millis>1544492794889</millis>
  <sequence>277</sequence>
  <level>PASSED</level>
  <class>com.kms.katalon.core.logging.XmlKeywordLogger</class>
  <method>logMessage</method>
  <thread>1</thread>
  <message>Object: &amp;apos;Object Repository/Backoffice/match_mgmt/span_link_match&amp;apos; is clicked on</message>
  <nestedLevel>1</nestedLevel>
</record>
<record>
  <date>2018-12-11T09:46:34</date>
  <millis>1544492794890</millis>
  <sequence>278</sequence>
  <level>END</level>
  <class>com.kms.katalon.core.logging.XmlKeywordLogger</class>
  <method>endKeyword</method>
  <thread>1</thread>
  <message>End action : click(findTestObject(\&amp;quot;Backoffice/match_mgmt/span_link_match\&amp;quot;))</message>
  <nestedLevel>1</nestedLevel>
</record>
<record>
  <date>2018-12-11T09:46:34</date>
  <millis>1544492794891</millis>
  <sequence>279</sequence>
  <level>START</level>
  <class>com.kms.katalon.core.logging.XmlKeywordLogger</class>
  <method>startKeyword</method>
  <thread>1</thread>
  <message>Start action : switchToWindowIndex(1)</message>
  <nestedLevel>1</nestedLevel>
  <property name="startLine">61</property>
  <property name="stepIndex">23</property>
</record>
<record>
  <date>2018-12-11T09:46:34</date>
  <millis>1544492794927</millis>
  <sequence>282</sequence>
  <level>PASSED</level>
  <class>com.kms.katalon.core.logging.XmlKeywordLogger</class>
  <method>logMessage</method>
  <thread>1</thread>
  <message>Switched to window with index: &amp;apos;1&amp;apos;</message>
  <nestedLevel>1</nestedLevel>
</record>
<record>
  <date>2018-12-11T09:46:34</date>
  <millis>1544492794928</millis>
  <sequence>283</sequence>
  <level>END</level>
  <class>com.kms.katalon.core.logging.XmlKeywordLogger</class>
  <method>endKeyword</method>
  <thread>1</thread>
  <message>End action : switchToWindowIndex(1)</message>
  <nestedLevel>1</nestedLevel>
</record>
<record>
  <date>2018-12-11T09:46:34</date>
  <millis>1544492794929</millis>
  <sequence>284</sequence>
  <level>START</level>
  <class>com.kms.katalon.core.logging.XmlKeywordLogger</class>
  <method>startKeyword</method>
  <thread>1</thread>
  <message>Start action : delay(1)</message>
  <nestedLevel>1</nestedLevel>
  <property name="startLine">63</property>
  <property name="stepIndex">24</property>
</record>
<record>
  <date>2018-12-11T09:46:35</date>
  <millis>1544492795930</millis>
  <sequence>286</sequence>
  <level>PASSED</level>
  <class>com.kms.katalon.core.logging.XmlKeywordLogger</class>
  <method>logMessage</method>
  <thread>1</thread>
  <message>Delayed 1 second(s)</message>
  <nestedLevel>1</nestedLevel>
</record>
<record>
  <date>2018-12-11T09:46:35</date>
  <millis>1544492795931</millis>
  <sequence>287</sequence>
  <level>END</level>
  <class>com.kms.katalon.core.logging.XmlKeywordLogger</class>
  <method>endKeyword</method>
  <thread>1</thread>
  <message>End action : delay(1)</message>
  <nestedLevel>1</nestedLevel>
</record>
<record>
  <date>2018-12-11T09:46:35</date>
  <millis>1544492795932</millis>
  <sequence>288</sequence>
  <level>START</level>
  <class>com.kms.katalon.core.logging.XmlKeywordLogger</class>
  <method>startKeyword</method>
  <thread>1</thread>
  <message>Start action : click(findTestObject(\&amp;quot;Backoffice/match_mgmt/open_match/button_open_match\&amp;quot;))</message>
  <nestedLevel>1</nestedLevel>
  <property name="startLine">65</property>
  <property name="stepIndex">25</property>
</record>
<record>
  <date>2018-12-11T09:46:37</date>
  <millis>1544492797190</millis>
  <sequence>295</sequence>
  <level>PASSED</level>
  <class>com.kms.katalon.core.logging.XmlKeywordLogger</class>
  <method>logMessage</method>
  <thread>1</thread>
  <message>Object: &amp;apos;Object Repository/Backoffice/match_mgmt/open_match/button_open_match&amp;apos; is clicked on</message>
  <nestedLevel>1</nestedLevel>
</record>
<record>
  <date>2018-12-11T09:46:37</date>
  <millis>1544492797192</millis>
  <sequence>296</sequence>
  <level>END</level>
  <class>com.kms.katalon.core.logging.XmlKeywordLogger</class>
  <method>endKeyword</method>
  <thread>1</thread>
  <message>End action : click(findTestObject(\&amp;quot;Backoffice/match_mgmt/open_match/button_open_match\&amp;quot;))</message>
  <nestedLevel>1</nestedLevel>
</record>
<record>
  <date>2018-12-11T09:46:37</date>
  <millis>1544492797193</millis>
  <sequence>297</sequence>
  <level>START</level>
  <class>com.kms.katalon.core.logging.XmlKeywordLogger</class>
  <method>startKeyword</method>
  <thread>1</thread>
  <message>Start action : delay(1)</message>
  <nestedLevel>1</nestedLevel>
  <property name="startLine">67</property>
  <property name="stepIndex">26</property>
</record>
<record>
  <date>2018-12-11T09:46:38</date>
  <millis>1544492798195</millis>
  <sequence>299</sequence>
  <level>PASSED</level>
  <class>com.kms.katalon.core.logging.XmlKeywordLogger</class>
  <method>logMessage</method>
  <thread>1</thread>
  <message>Delayed 1 second(s)</message>
  <nestedLevel>1</nestedLevel>
</record>
<record>
  <date>2018-12-11T09:46:38</date>
  <millis>1544492798196</millis>
  <sequence>300</sequence>
  <level>END</level>
  <class>com.kms.katalon.core.logging.XmlKeywordLogger</class>
  <method>endKeyword</method>
  <thread>1</thread>
  <message>End action : delay(1)</message>
  <nestedLevel>1</nestedLevel>
</record>
<record>
  <date>2018-12-11T09:46:38</date>
  <millis>1544492798196</millis>
  <sequence>301</sequence>
  <level>START</level>
  <class>com.kms.katalon.core.logging.XmlKeywordLogger</class>
  <method>startKeyword</method>
  <thread>1</thread>
  <message>Start action : waitForElementVisible(findTestObject(\&amp;quot;Backoffice/match_mgmt/settlement/button_finished_yes_i_agree\&amp;quot;), 1)</message>
  <nestedLevel>1</nestedLevel>
  <property name="startLine">69</property>
  <property name="stepIndex">27</property>
</record>
<record>
  <date>2018-12-11T09:46:39</date>
  <millis>1544492799272</millis>
  <sequence>307</sequence>
  <level>INFO</level>
  <class>com.kms.katalon.core.logging.XmlKeywordLogger</class>
  <method>logMessage</method>
  <thread>1</thread>
  <message>Unable to find the element located by &amp;apos;By.xpath: //button [@class=\&amp;quot;confirm btn btn-lg btn-info\&amp;quot;]&amp;apos;. Please recheck the objects properties to make sure the desired element is located. </message>
  <nestedLevel>1</nestedLevel>
</record>
<record>
  <date>2018-12-11T09:46:39</date>
  <millis>1544492799273</millis>
  <sequence>308</sequence>
  <level>WARNING</level>
  <class>com.kms.katalon.core.logging.XmlKeywordLogger</class>
  <method>logMessage</method>
  <thread>1</thread>
  <message>Web element with id: &amp;apos;Object Repository/Backoffice/match_mgmt/settlement/button_finished_yes_i_agree&amp;apos; located by &amp;apos;By.xpath: //button [@class=\&amp;quot;confirm btn btn-lg btn-info\&amp;quot;]&amp;apos; not found</message>
  <nestedLevel>1</nestedLevel>
</record>
<record>
  <date>2018-12-11T09:46:39</date>
  <millis>1544492799275</millis>
  <sequence>309</sequence>
  <level>END</level>
  <class>com.kms.katalon.core.logging.XmlKeywordLogger</class>
  <method>endKeyword</method>
  <thread>1</thread>
  <message>End action : waitForElementVisible(findTestObject(\&amp;quot;Backoffice/match_mgmt/settlement/button_finished_yes_i_agree\&amp;quot;), 1)</message>
  <nestedLevel>1</nestedLevel>
</record>
<record>
  <date>2018-12-11T09:46:39</date>
  <millis>1544492799276</millis>
  <sequence>310</sequence>
  <level>START</level>
  <class>com.kms.katalon.core.logging.XmlKeywordLogger</class>
  <method>startKeyword</method>
  <thread>1</thread>
  <message>Start action : delay(1)</message>
  <nestedLevel>1</nestedLevel>
  <property name="startLine">71</property>
  <property name="stepIndex">28</property>
</record>
<record>
  <date>2018-12-11T09:46:40</date>
  <millis>1544492800278</millis>
  <sequence>312</sequence>
  <level>PASSED</level>
  <class>com.kms.katalon.core.logging.XmlKeywordLogger</class>
  <method>logMessage</method>
  <thread>1</thread>
  <message>Delayed 1 second(s)</message>
  <nestedLevel>1</nestedLevel>
</record>
<record>
  <date>2018-12-11T09:46:40</date>
  <millis>1544492800279</millis>
  <sequence>313</sequence>
  <level>END</level>
  <class>com.kms.katalon.core.logging.XmlKeywordLogger</class>
  <method>endKeyword</method>
  <thread>1</thread>
  <message>End action : delay(1)</message>
  <nestedLevel>1</nestedLevel>
</record>
<record>
  <date>2018-12-11T09:46:40</date>
  <millis>1544492800279</millis>
  <sequence>314</sequence>
  <level>START</level>
  <class>com.kms.katalon.core.logging.XmlKeywordLogger</class>
  <method>startKeyword</method>
  <thread>1</thread>
  <message>Start action : click(findTestObject(\&amp;quot;Backoffice/match_mgmt/settlement/button_finished_yes_i_agree\&amp;quot;))</message>
  <nestedLevel>1</nestedLevel>
  <property name="startLine">73</property>
  <property name="stepIndex">29</property>
</record>
<record>
  <date>2018-12-11T09:46:50</date>
  <millis>1544492810748</millis>
  <sequence>319</sequence>
  <level>INFO</level>
  <class>com.kms.katalon.core.logging.XmlKeywordLogger</class>
  <method>logMessage</method>
  <thread>1</thread>
  <message>Unable to find the element located by &amp;apos;By.xpath: //button [@class=\&amp;quot;confirm btn btn-lg btn-info\&amp;quot;]&amp;apos;. Please recheck the objects properties to make sure the desired element is located. </message>
  <nestedLevel>1</nestedLevel>
</record>
<record>
  <date>2018-12-11T09:46:50</date>
  <millis>1544492810762</millis>
  <sequence>320</sequence>
  <level>FAILED</level>
  <class>com.kms.katalon.core.logging.XmlKeywordLogger</class>
  <method>logMessage</method>
  <thread>1</thread>
  <message>Unable to click on object &amp;apos;Object Repository/Backoffice/match_mgmt/settlement/button_finished_yes_i_agree&amp;apos; (Root cause: com.kms.katalon.core.webui.exception.WebElementNotFoundException: Web element with id: &amp;apos;Object Repository/Backoffice/match_mgmt/settlement/button_finished_yes_i_agree&amp;apos; located by &amp;apos;By.xpath: //button [@class=\&amp;quot;confirm btn btn-lg btn-info\&amp;quot;]&amp;apos; not found)</message>
  <nestedLevel>1</nestedLevel>
</record>
<record>
  <date>2018-12-11T09:46:50</date>
  <millis>1544492810773</millis>
  <sequence>322</sequence>
  <logger>com.kms.katalon.core.logging.XmlKeywordLogger</logger>
  <level>FAILED</level>
  <class>com.kms.katalon.core.logging.XmlKeywordLogger</class>
  <method>logMessage</method>
  <thread>1</thread>
  <message>click(findTestObject(\&amp;quot;Backoffice/match_mgmt/settlement/button_finished_yes_i_agree\&amp;quot;)) FAILED.\nReason:\ncom.kms.katalon.core.exception.StepFailedException: Unable to click on object &amp;apos;Object Repository/Backoffice/match_mgmt/settlement/button_finished_yes_i_agree&amp;apos; (Root cause: com.kms.katalon.core.webui.exception.WebElementNotFoundException: Web element with id: &amp;apos;Object Repository/Backoffice/match_mgmt/settlement/button_finished_yes_i_agree&amp;apos; located by &amp;apos;By.xpath: //button [@class=\&amp;quot;confirm btn btn-lg btn-info\&amp;quot;]&amp;apos; not found)\r\n\tat com.kms.katalon.core.keyword.internal.KeywordMain.stepFailed(KeywordMain.groovy:36)\r\n\tat com.kms.katalon.core.webui.keyword.internal.WebUIKeywordMain.stepFailed(WebUIKeywordMain.groovy:65)\r\n\tat com.kms.katalon.core.webui.keyword.internal.WebUIKeywordMain.runKeyword(WebUIKeywordMain.groovy:27)\r\n\tat com.kms.katalon.core.webui.keyword.builtin.ClickKeyword.click(ClickKeyword.groovy:86)\r\n\tat com.kms.katalon.core.webui.keyword.builtin.ClickKeyword.execute(ClickKeyword.groovy:67)\r\n\tat com.kms.katalon.core.keyword.internal.KeywordExecutor.executeKeywordForPlatform(KeywordExecutor.groovy:53)\r\n\tat com.kms.katalon.core.webui.keyword.WebUiBuiltInKeywords.click(WebUiBuiltInKeywords.groovy:616)\r\n\tat com.kms.katalon.core.webui.keyword.WebUiBuiltInKeywords$click$4.call(Unknown Source)\r\n\tat create_match_loop_with_open_match.run(create_match_loop_with_open_match:73)\r\n\tat com.kms.katalon.core.main.ScriptEngine.run(ScriptEngine.java:194)\r\n\tat com.kms.katalon.core.main.ScriptEngine.runScriptAsRawText(ScriptEngine.java:119)\r\n\tat com.kms.katalon.core.main.TestCaseExecutor.runScript(TestCaseExecutor.java:321)\r\n\tat com.kms.katalon.core.main.TestCaseExecutor.doExecute(TestCaseExecutor.java:312)\r\n\tat com.kms.katalon.core.main.TestCaseExecutor.processExecutionPhase(TestCaseExecutor.java:291)\r\n\tat com.kms.katalon.core.main.TestCaseExecutor.accessMainPhase(TestCaseExecutor.java:283)\r\n\tat com.kms.katalon.core.main.TestCaseExecutor.execute(TestCaseExecutor.java:222)\r\n\tat com.kms.katalon.core.main.TestSuiteExecutor.accessTestCaseMainPhase(TestSuiteExecutor.java:129)\r\n\tat com.kms.katalon.core.main.TestSuiteExecutor.accessTestSuiteMainPhase(TestSuiteExecutor.java:112)\r\n\tat com.kms.katalon.core.main.TestSuiteExecutor.execute(TestSuiteExecutor.java:81)\r\n\tat com.kms.katalon.core.main.TestCaseMain.startTestSuite(TestCaseMain.java:149)\r\n\tat com.kms.katalon.core.main.TestCaseMain$startTestSuite$0.call(Unknown Source)\r\n\tat TempTestSuite1544489252811.run(TempTestSuite1544489252811.groovy:36)\r\n</message>
  <exception>
    <message>com.kms.katalon.core.exception.StepFailedException: Unable to click on object 'Object Repository/Backoffice/match_mgmt/settlement/button_finished_yes_i_agree' (Root cause: com.kms.katalon.core.webui.exception.WebElementNotFoundException: Web element with id: 'Object Repository/Backoffice/match_mgmt/settlement/button_finished_yes_i_agree' located by 'By.xpath: //button [@class="confirm btn btn-lg btn-info"]' not found)</message>
    <frame>
      <class>com.kms.katalon.core.keyword.internal.KeywordMain</class>
      <method>stepFailed</method>
      <line>36</line>
    </frame>
    <frame>
      <class>com.kms.katalon.core.webui.keyword.internal.WebUIKeywordMain</class>
      <method>stepFailed</method>
      <line>65</line>
    </frame>
    <frame>
      <class>com.kms.katalon.core.webui.keyword.internal.WebUIKeywordMain</class>
      <method>runKeyword</method>
      <line>27</line>
    </frame>
    <frame>
      <class>com.kms.katalon.core.webui.keyword.builtin.ClickKeyword</class>
      <method>click</method>
      <line>86</line>
    </frame>
    <frame>
      <class>com.kms.katalon.core.webui.keyword.builtin.ClickKeyword</class>
      <method>execute</method>
      <line>67</line>
    </frame>
    <frame>
      <class>com.kms.katalon.core.keyword.internal.KeywordExecutor</class>
      <method>executeKeywordForPlatform</method>
      <line>53</line>
    </frame>
    <frame>
      <class>com.kms.katalon.core.webui.keyword.WebUiBuiltInKeywords</class>
      <method>click</method>
      <line>616</line>
    </frame>
    <frame>
      <class>com.kms.katalon.core.webui.keyword.WebUiBuiltInKeywords$click$4</class>
      <method>call</method>
    </frame>
    <frame>
      <class>create_match_loop_with_open_match</class>
      <method>run</method>
      <line>73</line>
    </frame>
    <frame>
      <class>com.kms.katalon.core.main.ScriptEngine</class>
      <method>run</method>
      <line>194</line>
    </frame>
    <frame>
      <class>com.kms.katalon.core.main.ScriptEngine</class>
      <method>runScriptAsRawText</method>
      <line>119</line>
    </frame>
    <frame>
      <class>com.kms.katalon.core.main.TestCaseExecutor</class>
      <method>runScript</method>
      <line>321</line>
    </frame>
    <frame>
      <class>com.kms.katalon.core.main.TestCaseExecutor</class>
      <method>doExecute</method>
      <line>312</line>
    </frame>
    <frame>
      <class>com.kms.katalon.core.main.TestCaseExecutor</class>
      <method>processExecutionPhase</method>
      <line>291</line>
    </frame>
    <frame>
      <class>com.kms.katalon.core.main.TestCaseExecutor</class>
      <method>accessMainPhase</method>
      <line>283</line>
    </frame>
    <frame>
      <class>com.kms.katalon.core.main.TestCaseExecutor</class>
      <method>execute</method>
      <line>222</line>
    </frame>
    <frame>
      <class>com.kms.katalon.core.main.TestSuiteExecutor</class>
      <method>accessTestCaseMainPhase</method>
      <line>129</line>
    </frame>
    <frame>
      <class>com.kms.katalon.core.main.TestSuiteExecutor</class>
      <method>accessTestSuiteMainPhase</method>
      <line>112</line>
    </frame>
    <frame>
      <class>com.kms.katalon.core.main.TestSuiteExecutor</class>
      <method>execute</method>
      <line>81</line>
    </frame>
    <frame>
      <class>com.kms.katalon.core.main.TestCaseMain</class>
      <method>startTestSuite</method>
      <line>149</line>
    </frame>
    <frame>
      <class>com.kms.katalon.core.main.TestCaseMain$startTestSuite$0</class>
      <method>call</method>
    </frame>
    <frame>
      <class>TempTestSuite1544489252811</class>
      <method>run</method>
      <line>36</line>
    </frame>
  </exception>
  <nestedLevel>0</nestedLevel>
</record>
<record>
  <date>2018-12-11T09:46:50</date>
  <millis>1544492810775</millis>
  <sequence>323</sequence>
  <level>END</level>
  <class>com.kms.katalon.core.logging.XmlKeywordLogger</class>
  <method>endKeyword</method>
  <thread>1</thread>
  <message>End action : click(findTestObject(\&amp;quot;Backoffice/match_mgmt/settlement/button_finished_yes_i_agree\&amp;quot;))</message>
  <nestedLevel>1</nestedLevel>
</record>
<record>
  <date>2018-12-11T09:46:50</date>
  <millis>1544492810778</millis>
  <sequence>325</sequence>
  <logger>com.kms.katalon.core.logging.XmlKeywordLogger</logger>
  <level>FAILED</level>
  <class>com.kms.katalon.core.logging.XmlKeywordLogger</class>
  <method>logMessage</method>
  <thread>1</thread>
  <message>Test Cases/DEV/Backoffice/create_match/create_match_loop_with_open_match FAILED.\nReason:\ncom.kms.katalon.core.exception.StepFailedException: Unable to click on object &amp;apos;Object Repository/Backoffice/match_mgmt/settlement/button_finished_yes_i_agree&amp;apos; (Root cause: com.kms.katalon.core.webui.exception.WebElementNotFoundException: Web element with id: &amp;apos;Object Repository/Backoffice/match_mgmt/settlement/button_finished_yes_i_agree&amp;apos; located by &amp;apos;By.xpath: //button [@class=\&amp;quot;confirm btn btn-lg btn-info\&amp;quot;]&amp;apos; not found)\r\n\tat com.kms.katalon.core.keyword.internal.KeywordMain.stepFailed(KeywordMain.groovy:36)\r\n\tat com.kms.katalon.core.webui.keyword.internal.WebUIKeywordMain.stepFailed(WebUIKeywordMain.groovy:65)\r\n\tat com.kms.katalon.core.webui.keyword.internal.WebUIKeywordMain.runKeyword(WebUIKeywordMain.groovy:27)\r\n\tat com.kms.katalon.core.webui.keyword.builtin.ClickKeyword.click(ClickKeyword.groovy:86)\r\n\tat com.kms.katalon.core.webui.keyword.builtin.ClickKeyword.execute(ClickKeyword.groovy:67)\r\n\tat com.kms.katalon.core.keyword.internal.KeywordExecutor.executeKeywordForPlatform(KeywordExecutor.groovy:53)\r\n\tat com.kms.katalon.core.webui.keyword.WebUiBuiltInKeywords.click(WebUiBuiltInKeywords.groovy:616)\r\n\tat com.kms.katalon.core.webui.keyword.WebUiBuiltInKeywords$click$4.call(Unknown Source)\r\n\tat create_match_loop_with_open_match.run(create_match_loop_with_open_match:73)\r\n\tat com.kms.katalon.core.main.ScriptEngine.run(ScriptEngine.java:194)\r\n\tat com.kms.katalon.core.main.ScriptEngine.runScriptAsRawText(ScriptEngine.java:119)\r\n\tat com.kms.katalon.core.main.TestCaseExecutor.runScript(TestCaseExecutor.java:321)\r\n\tat com.kms.katalon.core.main.TestCaseExecutor.doExecute(TestCaseExecutor.java:312)\r\n\tat com.kms.katalon.core.main.TestCaseExecutor.processExecutionPhase(TestCaseExecutor.java:291)\r\n\tat com.kms.katalon.core.main.TestCaseExecutor.accessMainPhase(TestCaseExecutor.java:283)\r\n\tat com.kms.katalon.core.main.TestCaseExecutor.execute(TestCaseExecutor.java:222)\r\n\tat com.kms.katalon.core.main.TestSuiteExecutor.accessTestCaseMainPhase(TestSuiteExecutor.java:129)\r\n\tat com.kms.katalon.core.main.TestSuiteExecutor.accessTestSuiteMainPhase(TestSuiteExecutor.java:112)\r\n\tat com.kms.katalon.core.main.TestSuiteExecutor.execute(TestSuiteExecutor.java:81)\r\n\tat com.kms.katalon.core.main.TestCaseMain.startTestSuite(TestCaseMain.java:149)\r\n\tat com.kms.katalon.core.main.TestCaseMain$startTestSuite$0.call(Unknown Source)\r\n\tat TempTestSuite1544489252811.run(TempTestSuite1544489252811.groovy:36)\r\n</message>
  <exception>
    <message>com.kms.katalon.core.exception.StepFailedException: Unable to click on object 'Object Repository/Backoffice/match_mgmt/settlement/button_finished_yes_i_agree' (Root cause: com.kms.katalon.core.webui.exception.WebElementNotFoundException: Web element with id: 'Object Repository/Backoffice/match_mgmt/settlement/button_finished_yes_i_agree' located by 'By.xpath: //button [@class="confirm btn btn-lg btn-info"]' not found)</message>
    <frame>
      <class>com.kms.katalon.core.keyword.internal.KeywordMain</class>
      <method>stepFailed</method>
      <line>36</line>
    </frame>
    <frame>
      <class>com.kms.katalon.core.webui.keyword.internal.WebUIKeywordMain</class>
      <method>stepFailed</method>
      <line>65</line>
    </frame>
    <frame>
      <class>com.kms.katalon.core.webui.keyword.internal.WebUIKeywordMain</class>
      <method>runKeyword</method>
      <line>27</line>
    </frame>
    <frame>
      <class>com.kms.katalon.core.webui.keyword.builtin.ClickKeyword</class>
      <method>click</method>
      <line>86</line>
    </frame>
    <frame>
      <class>com.kms.katalon.core.webui.keyword.builtin.ClickKeyword</class>
      <method>execute</method>
      <line>67</line>
    </frame>
    <frame>
      <class>com.kms.katalon.core.keyword.internal.KeywordExecutor</class>
      <method>executeKeywordForPlatform</method>
      <line>53</line>
    </frame>
    <frame>
      <class>com.kms.katalon.core.webui.keyword.WebUiBuiltInKeywords</class>
      <method>click</method>
      <line>616</line>
    </frame>
    <frame>
      <class>com.kms.katalon.core.webui.keyword.WebUiBuiltInKeywords$click$4</class>
      <method>call</method>
    </frame>
    <frame>
      <class>create_match_loop_with_open_match</class>
      <method>run</method>
      <line>73</line>
    </frame>
    <frame>
      <class>com.kms.katalon.core.main.ScriptEngine</class>
      <method>run</method>
      <line>194</line>
    </frame>
    <frame>
      <class>com.kms.katalon.core.main.ScriptEngine</class>
      <method>runScriptAsRawText</method>
      <line>119</line>
    </frame>
    <frame>
      <class>com.kms.katalon.core.main.TestCaseExecutor</class>
      <method>runScript</method>
      <line>321</line>
    </frame>
    <frame>
      <class>com.kms.katalon.core.main.TestCaseExecutor</class>
      <method>doExecute</method>
      <line>312</line>
    </frame>
    <frame>
      <class>com.kms.katalon.core.main.TestCaseExecutor</class>
      <method>processExecutionPhase</method>
      <line>291</line>
    </frame>
    <frame>
      <class>com.kms.katalon.core.main.TestCaseExecutor</class>
      <method>accessMainPhase</method>
      <line>283</line>
    </frame>
    <frame>
      <class>com.kms.katalon.core.main.TestCaseExecutor</class>
      <method>execute</method>
      <line>222</line>
    </frame>
    <frame>
      <class>com.kms.katalon.core.main.TestSuiteExecutor</class>
      <method>accessTestCaseMainPhase</method>
      <line>129</line>
    </frame>
    <frame>
      <class>com.kms.katalon.core.main.TestSuiteExecutor</class>
      <method>accessTestSuiteMainPhase</method>
      <line>112</line>
    </frame>
    <frame>
      <class>com.kms.katalon.core.main.TestSuiteExecutor</class>
      <method>execute</method>
      <line>81</line>
    </frame>
    <frame>
      <class>com.kms.katalon.core.main.TestCaseMain</class>
      <method>startTestSuite</method>
      <line>149</line>
    </frame>
    <frame>
      <class>com.kms.katalon.core.main.TestCaseMain$startTestSuite$0</class>
      <method>call</method>
    </frame>
    <frame>
      <class>TempTestSuite1544489252811</class>
      <method>run</method>
      <line>36</line>
    </frame>
  </exception>
  <nestedLevel>0</nestedLevel>
</record>
<record>
  <date>2018-12-11T09:46:50</date>
  <millis>1544492810779</millis>
  <sequence>326</sequence>
  <level>END</level>
  <class>com.kms.katalon.core.logging.XmlKeywordLogger</class>
  <method>endTest</method>
  <thread>1</thread>
  <message>End Test Case : Test Cases/DEV/Backoffice/create_match/create_match_loop_with_open_match</message>
  <nestedLevel>0</nestedLevel>
</record>
<record>
  <date>2018-12-11T09:46:51</date>
  <millis>1544492811496</millis>
  <sequence>327</sequence>
  <level>END</level>
  <class>com.kms.katalon.core.logging.XmlKeywordLogger</class>
  <method>endSuite</method>
  <thread>1</thread>
  <message>End Test Suite : Test Suites/Backoffice/create_match/create_match_loop_with_open_match/match_SRC</message>
  <nestedLevel>0</nestedLevel>
</record>
</log>
