<?xml version="1.0" encoding="UTF-8" standalone="no"?>
<!DOCTYPE log SYSTEM "logger.dtd">
<log>
<record>
  <date>2018-11-23T23:32:08</date>
  <millis>1542987128663</millis>
  <sequence>0</sequence>
  <level>START</level>
  <class>com.kms.katalon.core.logging.KeywordLogger</class>
  <method>startSuite</method>
  <thread>1</thread>
  <message>Start Test Suite : Test Suites/create_match/100_match</message>
  <nestedLevel>0</nestedLevel>
  <property name="name">100_match</property>
  <property name="description"></property>
  <property name="id">Test Suites/create_match/100_match</property>
</record>
<record>
  <date>2018-11-23T23:32:08</date>
  <millis>1542987128735</millis>
  <sequence>1</sequence>
  <level>RUN_DATA</level>
  <class>com.kms.katalon.core.logging.KeywordLogger</class>
  <method>logMessage</method>
  <thread>1</thread>
  <message>Logging run data &amp;apos;hostName&amp;apos; with value &amp;apos;lianne.n.c.gerardo - OTMO-8165L4P-LX.dir.svc.accenture.com&amp;apos;</message>
  <nestedLevel>0</nestedLevel>
  <property name="hostName">lianne.n.c.gerardo - OTMO-8165L4P-LX.dir.svc.accenture.com</property>
</record>
<record>
  <date>2018-11-23T23:32:08</date>
  <millis>1542987128755</millis>
  <sequence>2</sequence>
  <level>RUN_DATA</level>
  <class>com.kms.katalon.core.logging.KeywordLogger</class>
  <method>logMessage</method>
  <thread>1</thread>
  <message>Logging run data &amp;apos;os&amp;apos; with value &amp;apos;Windows 10 64bit&amp;apos;</message>
  <nestedLevel>0</nestedLevel>
  <property name="os">Windows 10 64bit</property>
</record>
<record>
  <date>2018-11-23T23:32:08</date>
  <millis>1542987128757</millis>
  <sequence>3</sequence>
  <level>RUN_DATA</level>
  <class>com.kms.katalon.core.logging.KeywordLogger</class>
  <method>logMessage</method>
  <thread>1</thread>
  <message>Logging run data &amp;apos;hostAddress&amp;apos; with value &amp;apos;192.168.158.1&amp;apos;</message>
  <nestedLevel>0</nestedLevel>
  <property name="hostAddress">192.168.158.1</property>
</record>
<record>
  <date>2018-11-23T23:32:08</date>
  <millis>1542987128761</millis>
  <sequence>4</sequence>
  <level>RUN_DATA</level>
  <class>com.kms.katalon.core.logging.KeywordLogger</class>
  <method>logMessage</method>
  <thread>1</thread>
  <message>Logging run data &amp;apos;katalonVersion&amp;apos; with value &amp;apos;5.8.6.1&amp;apos;</message>
  <nestedLevel>0</nestedLevel>
  <property name="katalonVersion">5.8.6.1</property>
</record>
<record>
  <date>2018-11-23T23:32:09</date>
  <millis>1542987129401</millis>
  <sequence>5</sequence>
  <level>START</level>
  <class>com.kms.katalon.core.logging.KeywordLogger</class>
  <method>startTest</method>
  <thread>1</thread>
  <message>Start Test Case : Test Cases/Backoffice/create_arena/1_arena</message>
  <nestedLevel>1</nestedLevel>
  <property name="name">Test Cases/Backoffice/create_arena/1_arena</property>
  <property name="description"></property>
  <property name="id">Test Cases/Backoffice/create_arena/1_arena</property>
  <property name="source">C:\\Users\\lianne.n.c.gerardo\\git\\JANINE_QA\\Test Cases\\Backoffice\\create_arena\\1_arena.tc</property>
  <property name="isOptional">false</property>
</record>
<record>
  <date>2018-11-23T23:32:09</date>
  <millis>1542987129447</millis>
  <sequence>6</sequence>
  <level>INFO</level>
  <class>com.kms.katalon.core.logging.KeywordLogger</class>
  <method>logMessage</method>
  <thread>1</thread>
  <message>Evaluating variables for test case</message>
  <nestedLevel>1</nestedLevel>
</record>
<record>
  <date>2018-11-23T23:32:09</date>
  <millis>1542987129451</millis>
  <sequence>7</sequence>
  <level>INFO</level>
  <class>com.kms.katalon.core.logging.KeywordLogger</class>
  <method>logMessage</method>
  <thread>1</thread>
  <message>Variable &amp;apos;Arena_Name&amp;apos; is set to Arena 1</message>
  <nestedLevel>1</nestedLevel>
</record>
<record>
  <date>2018-11-23T23:32:09</date>
  <millis>1542987129591</millis>
  <sequence>8</sequence>
  <level>INFO</level>
  <class>com.kms.katalon.core.logging.KeywordLogger</class>
  <method>logMessage</method>
  <thread>1</thread>
  <message>Variable &amp;apos;Event_Name&amp;apos; is set to  as default</message>
  <nestedLevel>1</nestedLevel>
</record>
<record>
  <date>2018-11-23T23:32:09</date>
  <millis>1542987129593</millis>
  <sequence>9</sequence>
  <level>INFO</level>
  <class>com.kms.katalon.core.logging.KeywordLogger</class>
  <method>logMessage</method>
  <thread>1</thread>
  <message>Variable &amp;apos;Acronym&amp;apos; is set to AR1</message>
  <nestedLevel>1</nestedLevel>
</record>
<record>
  <date>2018-11-23T23:32:09</date>
  <millis>1542987129594</millis>
  <sequence>10</sequence>
  <level>INFO</level>
  <class>com.kms.katalon.core.logging.KeywordLogger</class>
  <method>logMessage</method>
  <thread>1</thread>
  <message>Variable &amp;apos;Profit_Margin&amp;apos; is set to 10</message>
  <nestedLevel>1</nestedLevel>
</record>
<record>
  <date>2018-11-23T23:32:10</date>
  <millis>1542987130296</millis>
  <sequence>11</sequence>
  <level>START</level>
  <class>com.kms.katalon.core.logging.KeywordLogger</class>
  <method>startKeyword</method>
  <thread>1</thread>
  <message>Start action : mj.loginBackoffice.login</message>
  <nestedLevel>1</nestedLevel>
  <property name="startLine">16</property>
  <property name="stepIndex">1</property>
</record>
<record>
  <date>2018-11-23T23:32:11</date>
  <millis>1542987131137</millis>
  <sequence>12</sequence>
  <level>INFO</level>
  <class>com.kms.katalon.core.logging.KeywordLogger</class>
  <method>logMessage</method>
  <thread>1</thread>
  <message>Opening browser</message>
  <nestedLevel>1</nestedLevel>
</record>
<record>
  <date>2018-11-23T23:32:11</date>
  <millis>1542987131151</millis>
  <sequence>13</sequence>
  <level>INFO</level>
  <class>com.kms.katalon.core.logging.KeywordLogger</class>
  <method>logMessage</method>
  <thread>1</thread>
  <message>Starting &amp;apos;Chrome&amp;apos; driver</message>
  <nestedLevel>1</nestedLevel>
</record>
<record>
  <date>2018-11-23T23:32:11</date>
  <millis>1542987131208</millis>
  <sequence>14</sequence>
  <level>INFO</level>
  <class>com.kms.katalon.core.logging.KeywordLogger</class>
  <method>logMessage</method>
  <thread>1</thread>
  <message>Action delay is set to 0 seconds</message>
  <nestedLevel>1</nestedLevel>
</record>
